<?xml version="1.0" encoding="UTF-8" ?>
<testsuite tests="3" failures="1" name="TestSuite" time="19.542" errors="0" skipped="0">
  <properties>
    <property name="java.runtime.name" value="Java(TM) SE Runtime Environment"/>
    <property name="sun.boot.library.path" value="C:\Program Files\Java\jdk1.8.0_122\jre\bin"/>
    <property name="java.vm.version" value="25.122-b04"/>
    <property name="java.vm.vendor" value="Oracle Corporation"/>
    <property name="maven.multiModuleProjectDirectory" value="C:\MyWorkSpace\FreeCRMTest"/>
    <property name="java.vendor.url" value="http://java.oracle.com/"/>
    <property name="path.separator" value=";"/>
    <property name="guice.disable.misplaced.annotation.check" value="true"/>
    <property name="java.vm.name" value="Java HotSpot(TM) 64-Bit Server VM"/>
    <property name="file.encoding.pkg" value="sun.io"/>
    <property name="user.script" value=""/>
    <property name="user.country" value="US"/>
    <property name="sun.java.launcher" value="SUN_STANDARD"/>
    <property name="sun.os.patch.level" value=""/>
    <property name="java.vm.specification.name" value="Java Virtual Machine Specification"/>
    <property name="user.dir" value="C:\MyWorkSpace\FreeCRMTest"/>
    <property name="java.runtime.version" value="1.8.0_122-ea-b04"/>
    <property name="java.awt.graphicsenv" value="sun.awt.Win32GraphicsEnvironment"/>
    <property name="java.endorsed.dirs" value="C:\Program Files\Java\jdk1.8.0_122\jre\lib\endorsed"/>
    <property name="os.arch" value="amd64"/>
    <property name="java.io.tmpdir" value="C:\Users\parth.c\AppData\Local\Temp\"/>
    <property name="line.separator" value="
"/>
    <property name="java.vm.specification.vendor" value="Oracle Corporation"/>
    <property name="user.variant" value=""/>
    <property name="os.name" value="Windows 8"/>
    <property name="classworlds.conf" value="C:\MyWorkSpace\.metadata\.plugins\org.eclipse.m2e.launching\launches\m2conf1224580636313743776.tmp"/>
    <property name="sun.jnu.encoding" value="Cp1252"/>
    <property name="java.library.path" value="C:\Program Files\Java\jdk1.8.0_122\bin;C:\Windows\Sun\Java\bin;C:\Windows\system32;C:\Windows;C:/Program Files/Java/jre1.8.0_122/bin/server;C:/Program Files/Java/jre1.8.0_122/bin;C:/Program Files/Java/jre1.8.0_122/lib/amd64;C:\ProgramData\Oracle\Java\javapath;C:\Windows\system32;C:\Windows;C:\Windows\System32\Wbem;C:\Windows\System32\WindowsPowerShell\v1.0\;%JAVA_HOME%\bin;C:\Program Files\Git\cmd;C:\Users\parth.c\Desktop;;."/>
    <property name="java.specification.name" value="Java Platform API Specification"/>
    <property name="java.class.version" value="52.0"/>
    <property name="sun.management.compiler" value="HotSpot 64-Bit Tiered Compilers"/>
    <property name="os.version" value="6.2"/>
    <property name="user.home" value="C:\Users\parth.c"/>
    <property name="user.timezone" value="Asia/Calcutta"/>
    <property name="java.awt.printerjob" value="sun.awt.windows.WPrinterJob"/>
    <property name="java.specification.version" value="1.8"/>
    <property name="file.encoding" value="Cp1252"/>
    <property name="user.name" value="parth.c"/>
    <property name="java.class.path" value="/C:/eclipse/eclipse/../../Users/parth.c/.p2/pool/plugins/org.eclipse.m2e.maven.runtime_1.7.0.20160603-1931/jars/plexus-classworlds-2.5.2.jar"/>
    <property name="java.vm.specification.version" value="1.8"/>
    <property name="sun.arch.data.model" value="64"/>
    <property name="java.home" value="C:\Program Files\Java\jdk1.8.0_122\jre"/>
    <property name="sun.java.command" value="org.codehaus.plexus.classworlds.launcher.Launcher -B install"/>
    <property name="java.specification.vendor" value="Oracle Corporation"/>
    <property name="user.language" value="en"/>
    <property name="awt.toolkit" value="sun.awt.windows.WToolkit"/>
    <property name="java.vm.info" value="mixed mode"/>
    <property name="java.version" value="1.8.0_122-ea"/>
    <property name="java.ext.dirs" value="C:\Program Files\Java\jdk1.8.0_122\jre\lib\ext;C:\Windows\Sun\Java\lib\ext"/>
    <property name="sun.boot.class.path" value="C:\Program Files\Java\jdk1.8.0_122\jre\lib\resources.jar;C:\Program Files\Java\jdk1.8.0_122\jre\lib\rt.jar;C:\Program Files\Java\jdk1.8.0_122\jre\lib\sunrsasign.jar;C:\Program Files\Java\jdk1.8.0_122\jre\lib\jsse.jar;C:\Program Files\Java\jdk1.8.0_122\jre\lib\jce.jar;C:\Program Files\Java\jdk1.8.0_122\jre\lib\charsets.jar;C:\Program Files\Java\jdk1.8.0_122\jre\lib\jfr.jar;C:\Program Files\Java\jdk1.8.0_122\jre\classes"/>
    <property name="java.vendor" value="Oracle Corporation"/>
    <property name="maven.home" value="C:\MyWorkSpace\FreeCRMTest\EMBEDDED"/>
    <property name="file.separator" value="\"/>
    <property name="java.vendor.url.bug" value="http://bugreport.sun.com/bugreport/"/>
    <property name="sun.cpu.endian" value="little"/>
    <property name="sun.io.unicode.encoding" value="UnicodeLittle"/>
    <property name="sun.desktop" value="windows"/>
    <property name="sun.cpu.isalist" value="amd64"/>
  </properties>
  <testcase classname="com.crm.qa.testcases.LoginPageTest" name="testLoginPageTitleText" time="3.168">
    <failure message="expected [#1 Free CRM for Any Business: Online Customer Relationship Software1] but found [#1 Free CRM for Any Business: Online Customer Relationship Software]" type="java.lang.AssertionError">java.lang.AssertionError: expected [#1 Free CRM for Any Business: Online Customer Relationship Software1] but found [#1 Free CRM for Any Business: Online Customer Relationship Software]
	at org.testng.Assert.fail(Assert.java:93)
	at org.testng.Assert.failNotEquals(Assert.java:512)
	at org.testng.Assert.assertEqualsImpl(Assert.java:134)
	at org.testng.Assert.assertEquals(Assert.java:115)
	at org.testng.Assert.assertEquals(Assert.java:189)
	at org.testng.Assert.assertEquals(Assert.java:199)
	at com.crm.qa.testcases.LoginPageTest.testLoginPageTitleText(LoginPageTest.java:29)
</failure>
    <system-out>12-12-2017 20:13:09 RequestAddCookies.java DEBUG [Forwarding newSession on session null to remote] protocol.RequestAddCookies 122 - CookieSpec selected: default
12-12-2017 20:13:09 RequestAuthCache.java DEBUG [Forwarding newSession on session null to remote] protocol.RequestAuthCache 76 - Auth cache not set in the context
12-12-2017 20:13:09 PoolingHttpClientConnectionManager.java DEBUG [Forwarding newSession on session null to remote] conn.PoolingHttpClientConnectionManager 249 - Connection request: [route: {}-&gt;http://127.0.0.1:7055][total kept alive: 0; route allocated: 0 of 2000; total allocated: 0 of 2000]
12-12-2017 20:13:09 PoolingHttpClientConnectionManager.java DEBUG [Forwarding newSession on session null to remote] conn.PoolingHttpClientConnectionManager 282 - Connection leased: [id: 0][route: {}-&gt;http://127.0.0.1:7055][total kept alive: 0; route allocated: 1 of 2000; total allocated: 1 of 2000]
12-12-2017 20:13:09 MainClientExec.java DEBUG [Forwarding newSession on session null to remote] execchain.MainClientExec 234 - Opening connection {}-&gt;http://127.0.0.1:7055
12-12-2017 20:13:09 DefaultHttpClientConnectionOperator.java DEBUG [Forwarding newSession on session null to remote] conn.DefaultHttpClientConnectionOperator 131 - Connecting to /127.0.0.1:7055
12-12-2017 20:13:09 DefaultHttpClientConnectionOperator.java DEBUG [Forwarding newSession on session null to remote] conn.DefaultHttpClientConnectionOperator 138 - Connection established 127.0.0.1:51199&lt;-&gt;127.0.0.1:7055
12-12-2017 20:13:09 LoggingManagedHttpClientConnection.java DEBUG [Forwarding newSession on session null to remote] conn.DefaultManagedHttpClientConnection 90 - http-outgoing-0: set socket timeout to 10800000
12-12-2017 20:13:09 MainClientExec.java DEBUG [Forwarding newSession on session null to remote] execchain.MainClientExec 255 - Executing request POST /hub/session HTTP/1.1
12-12-2017 20:13:09 MainClientExec.java DEBUG [Forwarding newSession on session null to remote] execchain.MainClientExec 260 - Target auth state: UNCHALLENGED
12-12-2017 20:13:09 MainClientExec.java DEBUG [Forwarding newSession on session null to remote] execchain.MainClientExec 266 - Proxy auth state: UNCHALLENGED
12-12-2017 20:13:09 LoggingManagedHttpClientConnection.java DEBUG [Forwarding newSession on session null to remote] http.headers 135 - http-outgoing-0 &gt;&gt; POST /hub/session HTTP/1.1
12-12-2017 20:13:09 LoggingManagedHttpClientConnection.java DEBUG [Forwarding newSession on session null to remote] http.headers 138 - http-outgoing-0 &gt;&gt; Content-Type: application/json; charset=utf-8
12-12-2017 20:13:09 LoggingManagedHttpClientConnection.java DEBUG [Forwarding newSession on session null to remote] http.headers 138 - http-outgoing-0 &gt;&gt; Content-Length: 105
12-12-2017 20:13:09 LoggingManagedHttpClientConnection.java DEBUG [Forwarding newSession on session null to remote] http.headers 138 - http-outgoing-0 &gt;&gt; Host: 127.0.0.1:7055
12-12-2017 20:13:09 LoggingManagedHttpClientConnection.java DEBUG [Forwarding newSession on session null to remote] http.headers 138 - http-outgoing-0 &gt;&gt; Connection: Keep-Alive
12-12-2017 20:13:09 LoggingManagedHttpClientConnection.java DEBUG [Forwarding newSession on session null to remote] http.headers 138 - http-outgoing-0 &gt;&gt; User-Agent: Apache-HttpClient/4.5.1 (Java/1.8.0_122-ea)
12-12-2017 20:13:09 LoggingManagedHttpClientConnection.java DEBUG [Forwarding newSession on session null to remote] http.headers 138 - http-outgoing-0 &gt;&gt; Accept-Encoding: gzip,deflate
12-12-2017 20:13:09 Wire.java DEBUG [Forwarding newSession on session null to remote] http.wire 72 - http-outgoing-0 &gt;&gt; &quot;POST /hub/session HTTP/1.1[\r][\n]&quot;
12-12-2017 20:13:09 Wire.java DEBUG [Forwarding newSession on session null to remote] http.wire 72 - http-outgoing-0 &gt;&gt; &quot;Content-Type: application/json; charset=utf-8[\r][\n]&quot;
12-12-2017 20:13:09 Wire.java DEBUG [Forwarding newSession on session null to remote] http.wire 72 - http-outgoing-0 &gt;&gt; &quot;Content-Length: 105[\r][\n]&quot;
12-12-2017 20:13:09 Wire.java DEBUG [Forwarding newSession on session null to remote] http.wire 72 - http-outgoing-0 &gt;&gt; &quot;Host: 127.0.0.1:7055[\r][\n]&quot;
12-12-2017 20:13:09 Wire.java DEBUG [Forwarding newSession on session null to remote] http.wire 72 - http-outgoing-0 &gt;&gt; &quot;Connection: Keep-Alive[\r][\n]&quot;
12-12-2017 20:13:09 Wire.java DEBUG [Forwarding newSession on session null to remote] http.wire 72 - http-outgoing-0 &gt;&gt; &quot;User-Agent: Apache-HttpClient/4.5.1 (Java/1.8.0_122-ea)[\r][\n]&quot;
12-12-2017 20:13:09 Wire.java DEBUG [Forwarding newSession on session null to remote] http.wire 72 - http-outgoing-0 &gt;&gt; &quot;Accept-Encoding: gzip,deflate[\r][\n]&quot;
12-12-2017 20:13:09 Wire.java DEBUG [Forwarding newSession on session null to remote] http.wire 72 - http-outgoing-0 &gt;&gt; &quot;[\r][\n]&quot;
12-12-2017 20:13:09 Wire.java DEBUG [Forwarding newSession on session null to remote] http.wire 86 - http-outgoing-0 &gt;&gt; &quot;{&quot;desiredCapabilities&quot;:{&quot;browserName&quot;:&quot;firefox&quot;,&quot;version&quot;:&quot;&quot;,&quot;platform&quot;:&quot;ANY&quot;},&quot;requiredCapabilities&quot;:{}}&quot;
12-12-2017 20:13:09 Wire.java DEBUG [Forwarding newSession on session null to remote] http.wire 72 - http-outgoing-0 &lt;&lt; &quot;HTTP/1.1 200 OK[\r][\n]&quot;
12-12-2017 20:13:09 Wire.java DEBUG [Forwarding newSession on session null to remote] http.wire 72 - http-outgoing-0 &lt;&lt; &quot;content-type: application/json; charset=UTF-8[\r][\n]&quot;
12-12-2017 20:13:09 Wire.java DEBUG [Forwarding newSession on session null to remote] http.wire 72 - http-outgoing-0 &lt;&lt; &quot;connection: close[\r][\n]&quot;
12-12-2017 20:13:09 Wire.java DEBUG [Forwarding newSession on session null to remote] http.wire 72 - http-outgoing-0 &lt;&lt; &quot;content-length: 421[\r][\n]&quot;
12-12-2017 20:13:09 Wire.java DEBUG [Forwarding newSession on session null to remote] http.wire 72 - http-outgoing-0 &lt;&lt; &quot;server: httpd.js[\r][\n]&quot;
12-12-2017 20:13:09 Wire.java DEBUG [Forwarding newSession on session null to remote] http.wire 72 - http-outgoing-0 &lt;&lt; &quot;date: Tue, 12 Dec 2017 14:43:09 GMT[\r][\n]&quot;
12-12-2017 20:13:09 Wire.java DEBUG [Forwarding newSession on session null to remote] http.wire 72 - http-outgoing-0 &lt;&lt; &quot;[\r][\n]&quot;
12-12-2017 20:13:09 LoggingManagedHttpClientConnection.java DEBUG [Forwarding newSession on session null to remote] http.headers 124 - http-outgoing-0 &lt;&lt; HTTP/1.1 200 OK
12-12-2017 20:13:09 LoggingManagedHttpClientConnection.java DEBUG [Forwarding newSession on session null to remote] http.headers 127 - http-outgoing-0 &lt;&lt; content-type: application/json; charset=UTF-8
12-12-2017 20:13:09 LoggingManagedHttpClientConnection.java DEBUG [Forwarding newSession on session null to remote] http.headers 127 - http-outgoing-0 &lt;&lt; connection: close
12-12-2017 20:13:09 LoggingManagedHttpClientConnection.java DEBUG [Forwarding newSession on session null to remote] http.headers 127 - http-outgoing-0 &lt;&lt; content-length: 421
12-12-2017 20:13:09 LoggingManagedHttpClientConnection.java DEBUG [Forwarding newSession on session null to remote] http.headers 127 - http-outgoing-0 &lt;&lt; server: httpd.js
12-12-2017 20:13:09 LoggingManagedHttpClientConnection.java DEBUG [Forwarding newSession on session null to remote] http.headers 127 - http-outgoing-0 &lt;&lt; date: Tue, 12 Dec 2017 14:43:09 GMT
12-12-2017 20:13:09 Wire.java DEBUG [Forwarding newSession on session null to remote] http.wire 86 - http-outgoing-0 &lt;&lt; &quot;{&quot;name&quot;:&quot;newSession&quot;,&quot;sessionId&quot;:&quot;8011e739-fb15-4afa-bd55-331d0661a6bc&quot;,&quot;status&quot;:0,&quot;value&quot;:{&quot;cssSelectorsEnabled&quot;:true,&quot;browserName&quot;:&quot;firefox&quot;,&quot;handlesAlerts&quot;:true,&quot;javascriptEnabled&quot;:true,&quot;nativeEvents&quot;:false,&quot;platform&quot;:&quot;WINDOWS&quot;,&quot;rotatable&quot;:false,&quot;takesScreenshot&quot;:true,&quot;version&quot;:&quot;46.0&quot;,&quot;webStorageEnabled&quot;:true,&quot;applicationCacheEnabled&quot;:true,&quot;databaseEnabled&quot;:true,&quot;locationContextEnabled&quot;:true,&quot;acceptSslCerts&quot;:true}}&quot;
12-12-2017 20:13:09 LoggingManagedHttpClientConnection.java DEBUG [Forwarding newSession on session null to remote] conn.DefaultManagedHttpClientConnection 81 - http-outgoing-0: Close connection
12-12-2017 20:13:09 ConnectionHolder.java DEBUG [Forwarding newSession on session null to remote] execchain.MainClientExec 103 - Connection discarded
12-12-2017 20:13:09 PoolingHttpClientConnectionManager.java DEBUG [Forwarding newSession on session null to remote] conn.PoolingHttpClientConnectionManager 320 - Connection released: [id: 0][route: {}-&gt;http://127.0.0.1:7055][total kept alive: 0; route allocated: 0 of 2000; total allocated: 0 of 2000]
12-12-2017 20:13:09 RequestAddCookies.java DEBUG [Forwarding maximizeWindow on session 8011e739-fb15-4afa-bd55-331d0661a6bc to remote] protocol.RequestAddCookies 122 - CookieSpec selected: default
12-12-2017 20:13:09 RequestAuthCache.java DEBUG [Forwarding maximizeWindow on session 8011e739-fb15-4afa-bd55-331d0661a6bc to remote] protocol.RequestAuthCache 76 - Auth cache not set in the context
12-12-2017 20:13:09 PoolingHttpClientConnectionManager.java DEBUG [Forwarding maximizeWindow on session 8011e739-fb15-4afa-bd55-331d0661a6bc to remote] conn.PoolingHttpClientConnectionManager 249 - Connection request: [route: {}-&gt;http://127.0.0.1:7055][total kept alive: 0; route allocated: 0 of 2000; total allocated: 0 of 2000]
12-12-2017 20:13:09 PoolingHttpClientConnectionManager.java DEBUG [Forwarding maximizeWindow on session 8011e739-fb15-4afa-bd55-331d0661a6bc to remote] conn.PoolingHttpClientConnectionManager 282 - Connection leased: [id: 1][route: {}-&gt;http://127.0.0.1:7055][total kept alive: 0; route allocated: 1 of 2000; total allocated: 1 of 2000]
12-12-2017 20:13:09 MainClientExec.java DEBUG [Forwarding maximizeWindow on session 8011e739-fb15-4afa-bd55-331d0661a6bc to remote] execchain.MainClientExec 234 - Opening connection {}-&gt;http://127.0.0.1:7055
12-12-2017 20:13:09 DefaultHttpClientConnectionOperator.java DEBUG [Forwarding maximizeWindow on session 8011e739-fb15-4afa-bd55-331d0661a6bc to remote] conn.DefaultHttpClientConnectionOperator 131 - Connecting to /127.0.0.1:7055
12-12-2017 20:13:09 DefaultHttpClientConnectionOperator.java DEBUG [Forwarding maximizeWindow on session 8011e739-fb15-4afa-bd55-331d0661a6bc to remote] conn.DefaultHttpClientConnectionOperator 138 - Connection established 127.0.0.1:51203&lt;-&gt;127.0.0.1:7055
12-12-2017 20:13:09 LoggingManagedHttpClientConnection.java DEBUG [Forwarding maximizeWindow on session 8011e739-fb15-4afa-bd55-331d0661a6bc to remote] conn.DefaultManagedHttpClientConnection 90 - http-outgoing-1: set socket timeout to 10800000
12-12-2017 20:13:09 MainClientExec.java DEBUG [Forwarding maximizeWindow on session 8011e739-fb15-4afa-bd55-331d0661a6bc to remote] execchain.MainClientExec 255 - Executing request POST /hub/session/8011e739-fb15-4afa-bd55-331d0661a6bc/window/current/maximize HTTP/1.1
12-12-2017 20:13:09 MainClientExec.java DEBUG [Forwarding maximizeWindow on session 8011e739-fb15-4afa-bd55-331d0661a6bc to remote] execchain.MainClientExec 260 - Target auth state: UNCHALLENGED
12-12-2017 20:13:09 MainClientExec.java DEBUG [Forwarding maximizeWindow on session 8011e739-fb15-4afa-bd55-331d0661a6bc to remote] execchain.MainClientExec 266 - Proxy auth state: UNCHALLENGED
12-12-2017 20:13:09 LoggingManagedHttpClientConnection.java DEBUG [Forwarding maximizeWindow on session 8011e739-fb15-4afa-bd55-331d0661a6bc to remote] http.headers 135 - http-outgoing-1 &gt;&gt; POST /hub/session/8011e739-fb15-4afa-bd55-331d0661a6bc/window/current/maximize HTTP/1.1
12-12-2017 20:13:09 LoggingManagedHttpClientConnection.java DEBUG [Forwarding maximizeWindow on session 8011e739-fb15-4afa-bd55-331d0661a6bc to remote] http.headers 138 - http-outgoing-1 &gt;&gt; Content-Type: application/json; charset=utf-8
12-12-2017 20:13:09 LoggingManagedHttpClientConnection.java DEBUG [Forwarding maximizeWindow on session 8011e739-fb15-4afa-bd55-331d0661a6bc to remote] http.headers 138 - http-outgoing-1 &gt;&gt; Content-Length: 26
12-12-2017 20:13:09 LoggingManagedHttpClientConnection.java DEBUG [Forwarding maximizeWindow on session 8011e739-fb15-4afa-bd55-331d0661a6bc to remote] http.headers 138 - http-outgoing-1 &gt;&gt; Host: 127.0.0.1:7055
12-12-2017 20:13:09 LoggingManagedHttpClientConnection.java DEBUG [Forwarding maximizeWindow on session 8011e739-fb15-4afa-bd55-331d0661a6bc to remote] http.headers 138 - http-outgoing-1 &gt;&gt; Connection: Keep-Alive
12-12-2017 20:13:09 LoggingManagedHttpClientConnection.java DEBUG [Forwarding maximizeWindow on session 8011e739-fb15-4afa-bd55-331d0661a6bc to remote] http.headers 138 - http-outgoing-1 &gt;&gt; User-Agent: Apache-HttpClient/4.5.1 (Java/1.8.0_122-ea)
12-12-2017 20:13:09 LoggingManagedHttpClientConnection.java DEBUG [Forwarding maximizeWindow on session 8011e739-fb15-4afa-bd55-331d0661a6bc to remote] http.headers 138 - http-outgoing-1 &gt;&gt; Accept-Encoding: gzip,deflate
12-12-2017 20:13:09 Wire.java DEBUG [Forwarding maximizeWindow on session 8011e739-fb15-4afa-bd55-331d0661a6bc to remote] http.wire 72 - http-outgoing-1 &gt;&gt; &quot;POST /hub/session/8011e739-fb15-4afa-bd55-331d0661a6bc/window/current/maximize HTTP/1.1[\r][\n]&quot;
12-12-2017 20:13:09 Wire.java DEBUG [Forwarding maximizeWindow on session 8011e739-fb15-4afa-bd55-331d0661a6bc to remote] http.wire 72 - http-outgoing-1 &gt;&gt; &quot;Content-Type: application/json; charset=utf-8[\r][\n]&quot;
12-12-2017 20:13:09 Wire.java DEBUG [Forwarding maximizeWindow on session 8011e739-fb15-4afa-bd55-331d0661a6bc to remote] http.wire 72 - http-outgoing-1 &gt;&gt; &quot;Content-Length: 26[\r][\n]&quot;
12-12-2017 20:13:09 Wire.java DEBUG [Forwarding maximizeWindow on session 8011e739-fb15-4afa-bd55-331d0661a6bc to remote] http.wire 72 - http-outgoing-1 &gt;&gt; &quot;Host: 127.0.0.1:7055[\r][\n]&quot;
12-12-2017 20:13:09 Wire.java DEBUG [Forwarding maximizeWindow on session 8011e739-fb15-4afa-bd55-331d0661a6bc to remote] http.wire 72 - http-outgoing-1 &gt;&gt; &quot;Connection: Keep-Alive[\r][\n]&quot;
12-12-2017 20:13:09 Wire.java DEBUG [Forwarding maximizeWindow on session 8011e739-fb15-4afa-bd55-331d0661a6bc to remote] http.wire 72 - http-outgoing-1 &gt;&gt; &quot;User-Agent: Apache-HttpClient/4.5.1 (Java/1.8.0_122-ea)[\r][\n]&quot;
12-12-2017 20:13:09 Wire.java DEBUG [Forwarding maximizeWindow on session 8011e739-fb15-4afa-bd55-331d0661a6bc to remote] http.wire 72 - http-outgoing-1 &gt;&gt; &quot;Accept-Encoding: gzip,deflate[\r][\n]&quot;
12-12-2017 20:13:09 Wire.java DEBUG [Forwarding maximizeWindow on session 8011e739-fb15-4afa-bd55-331d0661a6bc to remote] http.wire 72 - http-outgoing-1 &gt;&gt; &quot;[\r][\n]&quot;
12-12-2017 20:13:09 Wire.java DEBUG [Forwarding maximizeWindow on session 8011e739-fb15-4afa-bd55-331d0661a6bc to remote] http.wire 86 - http-outgoing-1 &gt;&gt; &quot;{&quot;windowHandle&quot;:&quot;current&quot;}&quot;
12-12-2017 20:13:09 Wire.java DEBUG [Forwarding maximizeWindow on session 8011e739-fb15-4afa-bd55-331d0661a6bc to remote] http.wire 72 - http-outgoing-1 &lt;&lt; &quot;HTTP/1.1 200 OK[\r][\n]&quot;
12-12-2017 20:13:09 Wire.java DEBUG [Forwarding maximizeWindow on session 8011e739-fb15-4afa-bd55-331d0661a6bc to remote] http.wire 72 - http-outgoing-1 &lt;&lt; &quot;content-type: application/json; charset=UTF-8[\r][\n]&quot;
12-12-2017 20:13:09 Wire.java DEBUG [Forwarding maximizeWindow on session 8011e739-fb15-4afa-bd55-331d0661a6bc to remote] http.wire 72 - http-outgoing-1 &lt;&lt; &quot;connection: close[\r][\n]&quot;
12-12-2017 20:13:09 Wire.java DEBUG [Forwarding maximizeWindow on session 8011e739-fb15-4afa-bd55-331d0661a6bc to remote] http.wire 72 - http-outgoing-1 &lt;&lt; &quot;content-length: 98[\r][\n]&quot;
12-12-2017 20:13:09 Wire.java DEBUG [Forwarding maximizeWindow on session 8011e739-fb15-4afa-bd55-331d0661a6bc to remote] http.wire 72 - http-outgoing-1 &lt;&lt; &quot;server: httpd.js[\r][\n]&quot;
12-12-2017 20:13:09 Wire.java DEBUG [Forwarding maximizeWindow on session 8011e739-fb15-4afa-bd55-331d0661a6bc to remote] http.wire 72 - http-outgoing-1 &lt;&lt; &quot;date: Tue, 12 Dec 2017 14:43:09 GMT[\r][\n]&quot;
12-12-2017 20:13:09 Wire.java DEBUG [Forwarding maximizeWindow on session 8011e739-fb15-4afa-bd55-331d0661a6bc to remote] http.wire 72 - http-outgoing-1 &lt;&lt; &quot;[\r][\n]&quot;
12-12-2017 20:13:09 LoggingManagedHttpClientConnection.java DEBUG [Forwarding maximizeWindow on session 8011e739-fb15-4afa-bd55-331d0661a6bc to remote] http.headers 124 - http-outgoing-1 &lt;&lt; HTTP/1.1 200 OK
12-12-2017 20:13:09 LoggingManagedHttpClientConnection.java DEBUG [Forwarding maximizeWindow on session 8011e739-fb15-4afa-bd55-331d0661a6bc to remote] http.headers 127 - http-outgoing-1 &lt;&lt; content-type: application/json; charset=UTF-8
12-12-2017 20:13:09 LoggingManagedHttpClientConnection.java DEBUG [Forwarding maximizeWindow on session 8011e739-fb15-4afa-bd55-331d0661a6bc to remote] http.headers 127 - http-outgoing-1 &lt;&lt; connection: close
12-12-2017 20:13:09 LoggingManagedHttpClientConnection.java DEBUG [Forwarding maximizeWindow on session 8011e739-fb15-4afa-bd55-331d0661a6bc to remote] http.headers 127 - http-outgoing-1 &lt;&lt; content-length: 98
12-12-2017 20:13:09 LoggingManagedHttpClientConnection.java DEBUG [Forwarding maximizeWindow on session 8011e739-fb15-4afa-bd55-331d0661a6bc to remote] http.headers 127 - http-outgoing-1 &lt;&lt; server: httpd.js
12-12-2017 20:13:09 LoggingManagedHttpClientConnection.java DEBUG [Forwarding maximizeWindow on session 8011e739-fb15-4afa-bd55-331d0661a6bc to remote] http.headers 127 - http-outgoing-1 &lt;&lt; date: Tue, 12 Dec 2017 14:43:09 GMT
12-12-2017 20:13:09 Wire.java DEBUG [Forwarding maximizeWindow on session 8011e739-fb15-4afa-bd55-331d0661a6bc to remote] http.wire 86 - http-outgoing-1 &lt;&lt; &quot;{&quot;name&quot;:&quot;maximizeWindow&quot;,&quot;sessionId&quot;:&quot;8011e739-fb15-4afa-bd55-331d0661a6bc&quot;,&quot;status&quot;:0,&quot;value&quot;:&quot;&quot;}&quot;
12-12-2017 20:13:10 LoggingManagedHttpClientConnection.java DEBUG [Forwarding maximizeWindow on session 8011e739-fb15-4afa-bd55-331d0661a6bc to remote] conn.DefaultManagedHttpClientConnection 81 - http-outgoing-1: Close connection
12-12-2017 20:13:10 ConnectionHolder.java DEBUG [Forwarding maximizeWindow on session 8011e739-fb15-4afa-bd55-331d0661a6bc to remote] execchain.MainClientExec 103 - Connection discarded
12-12-2017 20:13:10 PoolingHttpClientConnectionManager.java DEBUG [Forwarding maximizeWindow on session 8011e739-fb15-4afa-bd55-331d0661a6bc to remote] conn.PoolingHttpClientConnectionManager 320 - Connection released: [id: 1][route: {}-&gt;http://127.0.0.1:7055][total kept alive: 0; route allocated: 0 of 2000; total allocated: 0 of 2000]
12-12-2017 20:13:10 RequestAddCookies.java DEBUG [Forwarding deleteAllCookies on session 8011e739-fb15-4afa-bd55-331d0661a6bc to remote] protocol.RequestAddCookies 122 - CookieSpec selected: default
12-12-2017 20:13:10 RequestAuthCache.java DEBUG [Forwarding deleteAllCookies on session 8011e739-fb15-4afa-bd55-331d0661a6bc to remote] protocol.RequestAuthCache 76 - Auth cache not set in the context
12-12-2017 20:13:10 PoolingHttpClientConnectionManager.java DEBUG [Forwarding deleteAllCookies on session 8011e739-fb15-4afa-bd55-331d0661a6bc to remote] conn.PoolingHttpClientConnectionManager 249 - Connection request: [route: {}-&gt;http://127.0.0.1:7055][total kept alive: 0; route allocated: 0 of 2000; total allocated: 0 of 2000]
12-12-2017 20:13:10 PoolingHttpClientConnectionManager.java DEBUG [Forwarding deleteAllCookies on session 8011e739-fb15-4afa-bd55-331d0661a6bc to remote] conn.PoolingHttpClientConnectionManager 282 - Connection leased: [id: 2][route: {}-&gt;http://127.0.0.1:7055][total kept alive: 0; route allocated: 1 of 2000; total allocated: 1 of 2000]
12-12-2017 20:13:10 MainClientExec.java DEBUG [Forwarding deleteAllCookies on session 8011e739-fb15-4afa-bd55-331d0661a6bc to remote] execchain.MainClientExec 234 - Opening connection {}-&gt;http://127.0.0.1:7055
12-12-2017 20:13:10 DefaultHttpClientConnectionOperator.java DEBUG [Forwarding deleteAllCookies on session 8011e739-fb15-4afa-bd55-331d0661a6bc to remote] conn.DefaultHttpClientConnectionOperator 131 - Connecting to /127.0.0.1:7055
12-12-2017 20:13:10 DefaultHttpClientConnectionOperator.java DEBUG [Forwarding deleteAllCookies on session 8011e739-fb15-4afa-bd55-331d0661a6bc to remote] conn.DefaultHttpClientConnectionOperator 138 - Connection established 127.0.0.1:51204&lt;-&gt;127.0.0.1:7055
12-12-2017 20:13:10 LoggingManagedHttpClientConnection.java DEBUG [Forwarding deleteAllCookies on session 8011e739-fb15-4afa-bd55-331d0661a6bc to remote] conn.DefaultManagedHttpClientConnection 90 - http-outgoing-2: set socket timeout to 10800000
12-12-2017 20:13:10 MainClientExec.java DEBUG [Forwarding deleteAllCookies on session 8011e739-fb15-4afa-bd55-331d0661a6bc to remote] execchain.MainClientExec 255 - Executing request DELETE /hub/session/8011e739-fb15-4afa-bd55-331d0661a6bc/cookie HTTP/1.1
12-12-2017 20:13:10 MainClientExec.java DEBUG [Forwarding deleteAllCookies on session 8011e739-fb15-4afa-bd55-331d0661a6bc to remote] execchain.MainClientExec 260 - Target auth state: UNCHALLENGED
12-12-2017 20:13:10 MainClientExec.java DEBUG [Forwarding deleteAllCookies on session 8011e739-fb15-4afa-bd55-331d0661a6bc to remote] execchain.MainClientExec 266 - Proxy auth state: UNCHALLENGED
12-12-2017 20:13:10 LoggingManagedHttpClientConnection.java DEBUG [Forwarding deleteAllCookies on session 8011e739-fb15-4afa-bd55-331d0661a6bc to remote] http.headers 135 - http-outgoing-2 &gt;&gt; DELETE /hub/session/8011e739-fb15-4afa-bd55-331d0661a6bc/cookie HTTP/1.1
12-12-2017 20:13:10 LoggingManagedHttpClientConnection.java DEBUG [Forwarding deleteAllCookies on session 8011e739-fb15-4afa-bd55-331d0661a6bc to remote] http.headers 138 - http-outgoing-2 &gt;&gt; Host: 127.0.0.1:7055
12-12-2017 20:13:10 LoggingManagedHttpClientConnection.java DEBUG [Forwarding deleteAllCookies on session 8011e739-fb15-4afa-bd55-331d0661a6bc to remote] http.headers 138 - http-outgoing-2 &gt;&gt; Connection: Keep-Alive
12-12-2017 20:13:10 LoggingManagedHttpClientConnection.java DEBUG [Forwarding deleteAllCookies on session 8011e739-fb15-4afa-bd55-331d0661a6bc to remote] http.headers 138 - http-outgoing-2 &gt;&gt; User-Agent: Apache-HttpClient/4.5.1 (Java/1.8.0_122-ea)
12-12-2017 20:13:10 LoggingManagedHttpClientConnection.java DEBUG [Forwarding deleteAllCookies on session 8011e739-fb15-4afa-bd55-331d0661a6bc to remote] http.headers 138 - http-outgoing-2 &gt;&gt; Accept-Encoding: gzip,deflate
12-12-2017 20:13:10 Wire.java DEBUG [Forwarding deleteAllCookies on session 8011e739-fb15-4afa-bd55-331d0661a6bc to remote] http.wire 72 - http-outgoing-2 &gt;&gt; &quot;DELETE /hub/session/8011e739-fb15-4afa-bd55-331d0661a6bc/cookie HTTP/1.1[\r][\n]&quot;
12-12-2017 20:13:10 Wire.java DEBUG [Forwarding deleteAllCookies on session 8011e739-fb15-4afa-bd55-331d0661a6bc to remote] http.wire 72 - http-outgoing-2 &gt;&gt; &quot;Host: 127.0.0.1:7055[\r][\n]&quot;
12-12-2017 20:13:10 Wire.java DEBUG [Forwarding deleteAllCookies on session 8011e739-fb15-4afa-bd55-331d0661a6bc to remote] http.wire 72 - http-outgoing-2 &gt;&gt; &quot;Connection: Keep-Alive[\r][\n]&quot;
12-12-2017 20:13:10 Wire.java DEBUG [Forwarding deleteAllCookies on session 8011e739-fb15-4afa-bd55-331d0661a6bc to remote] http.wire 72 - http-outgoing-2 &gt;&gt; &quot;User-Agent: Apache-HttpClient/4.5.1 (Java/1.8.0_122-ea)[\r][\n]&quot;
12-12-2017 20:13:10 Wire.java DEBUG [Forwarding deleteAllCookies on session 8011e739-fb15-4afa-bd55-331d0661a6bc to remote] http.wire 72 - http-outgoing-2 &gt;&gt; &quot;Accept-Encoding: gzip,deflate[\r][\n]&quot;
12-12-2017 20:13:10 Wire.java DEBUG [Forwarding deleteAllCookies on session 8011e739-fb15-4afa-bd55-331d0661a6bc to remote] http.wire 72 - http-outgoing-2 &gt;&gt; &quot;[\r][\n]&quot;
12-12-2017 20:13:10 Wire.java DEBUG [Forwarding deleteAllCookies on session 8011e739-fb15-4afa-bd55-331d0661a6bc to remote] http.wire 72 - http-outgoing-2 &lt;&lt; &quot;HTTP/1.1 200 OK[\r][\n]&quot;
12-12-2017 20:13:10 Wire.java DEBUG [Forwarding deleteAllCookies on session 8011e739-fb15-4afa-bd55-331d0661a6bc to remote] http.wire 72 - http-outgoing-2 &lt;&lt; &quot;content-type: application/json; charset=UTF-8[\r][\n]&quot;
12-12-2017 20:13:10 Wire.java DEBUG [Forwarding deleteAllCookies on session 8011e739-fb15-4afa-bd55-331d0661a6bc to remote] http.wire 72 - http-outgoing-2 &lt;&lt; &quot;connection: close[\r][\n]&quot;
12-12-2017 20:13:10 Wire.java DEBUG [Forwarding deleteAllCookies on session 8011e739-fb15-4afa-bd55-331d0661a6bc to remote] http.wire 72 - http-outgoing-2 &lt;&lt; &quot;content-length: 100[\r][\n]&quot;
12-12-2017 20:13:10 Wire.java DEBUG [Forwarding deleteAllCookies on session 8011e739-fb15-4afa-bd55-331d0661a6bc to remote] http.wire 72 - http-outgoing-2 &lt;&lt; &quot;server: httpd.js[\r][\n]&quot;
12-12-2017 20:13:10 Wire.java DEBUG [Forwarding deleteAllCookies on session 8011e739-fb15-4afa-bd55-331d0661a6bc to remote] http.wire 72 - http-outgoing-2 &lt;&lt; &quot;date: Tue, 12 Dec 2017 14:43:10 GMT[\r][\n]&quot;
12-12-2017 20:13:10 Wire.java DEBUG [Forwarding deleteAllCookies on session 8011e739-fb15-4afa-bd55-331d0661a6bc to remote] http.wire 72 - http-outgoing-2 &lt;&lt; &quot;[\r][\n]&quot;
12-12-2017 20:13:10 LoggingManagedHttpClientConnection.java DEBUG [Forwarding deleteAllCookies on session 8011e739-fb15-4afa-bd55-331d0661a6bc to remote] http.headers 124 - http-outgoing-2 &lt;&lt; HTTP/1.1 200 OK
12-12-2017 20:13:10 LoggingManagedHttpClientConnection.java DEBUG [Forwarding deleteAllCookies on session 8011e739-fb15-4afa-bd55-331d0661a6bc to remote] http.headers 127 - http-outgoing-2 &lt;&lt; content-type: application/json; charset=UTF-8
12-12-2017 20:13:10 LoggingManagedHttpClientConnection.java DEBUG [Forwarding deleteAllCookies on session 8011e739-fb15-4afa-bd55-331d0661a6bc to remote] http.headers 127 - http-outgoing-2 &lt;&lt; connection: close
12-12-2017 20:13:10 LoggingManagedHttpClientConnection.java DEBUG [Forwarding deleteAllCookies on session 8011e739-fb15-4afa-bd55-331d0661a6bc to remote] http.headers 127 - http-outgoing-2 &lt;&lt; content-length: 100
12-12-2017 20:13:10 LoggingManagedHttpClientConnection.java DEBUG [Forwarding deleteAllCookies on session 8011e739-fb15-4afa-bd55-331d0661a6bc to remote] http.headers 127 - http-outgoing-2 &lt;&lt; server: httpd.js
12-12-2017 20:13:10 LoggingManagedHttpClientConnection.java DEBUG [Forwarding deleteAllCookies on session 8011e739-fb15-4afa-bd55-331d0661a6bc to remote] http.headers 127 - http-outgoing-2 &lt;&lt; date: Tue, 12 Dec 2017 14:43:10 GMT
12-12-2017 20:13:10 Wire.java DEBUG [Forwarding deleteAllCookies on session 8011e739-fb15-4afa-bd55-331d0661a6bc to remote] http.wire 86 - http-outgoing-2 &lt;&lt; &quot;{&quot;name&quot;:&quot;deleteAllCookies&quot;,&quot;sessionId&quot;:&quot;8011e739-fb15-4afa-bd55-331d0661a6bc&quot;,&quot;status&quot;:0,&quot;value&quot;:&quot;&quot;}&quot;
12-12-2017 20:13:10 LoggingManagedHttpClientConnection.java DEBUG [Forwarding deleteAllCookies on session 8011e739-fb15-4afa-bd55-331d0661a6bc to remote] conn.DefaultManagedHttpClientConnection 81 - http-outgoing-2: Close connection
12-12-2017 20:13:10 ConnectionHolder.java DEBUG [Forwarding deleteAllCookies on session 8011e739-fb15-4afa-bd55-331d0661a6bc to remote] execchain.MainClientExec 103 - Connection discarded
12-12-2017 20:13:10 PoolingHttpClientConnectionManager.java DEBUG [Forwarding deleteAllCookies on session 8011e739-fb15-4afa-bd55-331d0661a6bc to remote] conn.PoolingHttpClientConnectionManager 320 - Connection released: [id: 2][route: {}-&gt;http://127.0.0.1:7055][total kept alive: 0; route allocated: 0 of 2000; total allocated: 0 of 2000]
12-12-2017 20:13:10 RequestAddCookies.java DEBUG [Forwarding setTimeout on session 8011e739-fb15-4afa-bd55-331d0661a6bc to remote] protocol.RequestAddCookies 122 - CookieSpec selected: default
12-12-2017 20:13:10 RequestAuthCache.java DEBUG [Forwarding setTimeout on session 8011e739-fb15-4afa-bd55-331d0661a6bc to remote] protocol.RequestAuthCache 76 - Auth cache not set in the context
12-12-2017 20:13:10 PoolingHttpClientConnectionManager.java DEBUG [Forwarding setTimeout on session 8011e739-fb15-4afa-bd55-331d0661a6bc to remote] conn.PoolingHttpClientConnectionManager 249 - Connection request: [route: {}-&gt;http://127.0.0.1:7055][total kept alive: 0; route allocated: 0 of 2000; total allocated: 0 of 2000]
12-12-2017 20:13:10 PoolingHttpClientConnectionManager.java DEBUG [Forwarding setTimeout on session 8011e739-fb15-4afa-bd55-331d0661a6bc to remote] conn.PoolingHttpClientConnectionManager 282 - Connection leased: [id: 3][route: {}-&gt;http://127.0.0.1:7055][total kept alive: 0; route allocated: 1 of 2000; total allocated: 1 of 2000]
12-12-2017 20:13:10 MainClientExec.java DEBUG [Forwarding setTimeout on session 8011e739-fb15-4afa-bd55-331d0661a6bc to remote] execchain.MainClientExec 234 - Opening connection {}-&gt;http://127.0.0.1:7055
12-12-2017 20:13:10 DefaultHttpClientConnectionOperator.java DEBUG [Forwarding setTimeout on session 8011e739-fb15-4afa-bd55-331d0661a6bc to remote] conn.DefaultHttpClientConnectionOperator 131 - Connecting to /127.0.0.1:7055
12-12-2017 20:13:10 DefaultHttpClientConnectionOperator.java DEBUG [Forwarding setTimeout on session 8011e739-fb15-4afa-bd55-331d0661a6bc to remote] conn.DefaultHttpClientConnectionOperator 138 - Connection established 127.0.0.1:51205&lt;-&gt;127.0.0.1:7055
12-12-2017 20:13:10 LoggingManagedHttpClientConnection.java DEBUG [Forwarding setTimeout on session 8011e739-fb15-4afa-bd55-331d0661a6bc to remote] conn.DefaultManagedHttpClientConnection 90 - http-outgoing-3: set socket timeout to 10800000
12-12-2017 20:13:10 MainClientExec.java DEBUG [Forwarding setTimeout on session 8011e739-fb15-4afa-bd55-331d0661a6bc to remote] execchain.MainClientExec 255 - Executing request POST /hub/session/8011e739-fb15-4afa-bd55-331d0661a6bc/timeouts HTTP/1.1
12-12-2017 20:13:10 MainClientExec.java DEBUG [Forwarding setTimeout on session 8011e739-fb15-4afa-bd55-331d0661a6bc to remote] execchain.MainClientExec 260 - Target auth state: UNCHALLENGED
12-12-2017 20:13:10 MainClientExec.java DEBUG [Forwarding setTimeout on session 8011e739-fb15-4afa-bd55-331d0661a6bc to remote] execchain.MainClientExec 266 - Proxy auth state: UNCHALLENGED
12-12-2017 20:13:10 LoggingManagedHttpClientConnection.java DEBUG [Forwarding setTimeout on session 8011e739-fb15-4afa-bd55-331d0661a6bc to remote] http.headers 135 - http-outgoing-3 &gt;&gt; POST /hub/session/8011e739-fb15-4afa-bd55-331d0661a6bc/timeouts HTTP/1.1
12-12-2017 20:13:10 LoggingManagedHttpClientConnection.java DEBUG [Forwarding setTimeout on session 8011e739-fb15-4afa-bd55-331d0661a6bc to remote] http.headers 138 - http-outgoing-3 &gt;&gt; Content-Type: application/json; charset=utf-8
12-12-2017 20:13:10 LoggingManagedHttpClientConnection.java DEBUG [Forwarding setTimeout on session 8011e739-fb15-4afa-bd55-331d0661a6bc to remote] http.headers 138 - http-outgoing-3 &gt;&gt; Content-Length: 32
12-12-2017 20:13:10 LoggingManagedHttpClientConnection.java DEBUG [Forwarding setTimeout on session 8011e739-fb15-4afa-bd55-331d0661a6bc to remote] http.headers 138 - http-outgoing-3 &gt;&gt; Host: 127.0.0.1:7055
12-12-2017 20:13:10 LoggingManagedHttpClientConnection.java DEBUG [Forwarding setTimeout on session 8011e739-fb15-4afa-bd55-331d0661a6bc to remote] http.headers 138 - http-outgoing-3 &gt;&gt; Connection: Keep-Alive
12-12-2017 20:13:10 LoggingManagedHttpClientConnection.java DEBUG [Forwarding setTimeout on session 8011e739-fb15-4afa-bd55-331d0661a6bc to remote] http.headers 138 - http-outgoing-3 &gt;&gt; User-Agent: Apache-HttpClient/4.5.1 (Java/1.8.0_122-ea)
12-12-2017 20:13:10 LoggingManagedHttpClientConnection.java DEBUG [Forwarding setTimeout on session 8011e739-fb15-4afa-bd55-331d0661a6bc to remote] http.headers 138 - http-outgoing-3 &gt;&gt; Accept-Encoding: gzip,deflate
12-12-2017 20:13:10 Wire.java DEBUG [Forwarding setTimeout on session 8011e739-fb15-4afa-bd55-331d0661a6bc to remote] http.wire 72 - http-outgoing-3 &gt;&gt; &quot;POST /hub/session/8011e739-fb15-4afa-bd55-331d0661a6bc/timeouts HTTP/1.1[\r][\n]&quot;
12-12-2017 20:13:10 Wire.java DEBUG [Forwarding setTimeout on session 8011e739-fb15-4afa-bd55-331d0661a6bc to remote] http.wire 72 - http-outgoing-3 &gt;&gt; &quot;Content-Type: application/json; charset=utf-8[\r][\n]&quot;
12-12-2017 20:13:10 Wire.java DEBUG [Forwarding setTimeout on session 8011e739-fb15-4afa-bd55-331d0661a6bc to remote] http.wire 72 - http-outgoing-3 &gt;&gt; &quot;Content-Length: 32[\r][\n]&quot;
12-12-2017 20:13:10 Wire.java DEBUG [Forwarding setTimeout on session 8011e739-fb15-4afa-bd55-331d0661a6bc to remote] http.wire 72 - http-outgoing-3 &gt;&gt; &quot;Host: 127.0.0.1:7055[\r][\n]&quot;
12-12-2017 20:13:10 Wire.java DEBUG [Forwarding setTimeout on session 8011e739-fb15-4afa-bd55-331d0661a6bc to remote] http.wire 72 - http-outgoing-3 &gt;&gt; &quot;Connection: Keep-Alive[\r][\n]&quot;
12-12-2017 20:13:10 Wire.java DEBUG [Forwarding setTimeout on session 8011e739-fb15-4afa-bd55-331d0661a6bc to remote] http.wire 72 - http-outgoing-3 &gt;&gt; &quot;User-Agent: Apache-HttpClient/4.5.1 (Java/1.8.0_122-ea)[\r][\n]&quot;
12-12-2017 20:13:10 Wire.java DEBUG [Forwarding setTimeout on session 8011e739-fb15-4afa-bd55-331d0661a6bc to remote] http.wire 72 - http-outgoing-3 &gt;&gt; &quot;Accept-Encoding: gzip,deflate[\r][\n]&quot;
12-12-2017 20:13:10 Wire.java DEBUG [Forwarding setTimeout on session 8011e739-fb15-4afa-bd55-331d0661a6bc to remote] http.wire 72 - http-outgoing-3 &gt;&gt; &quot;[\r][\n]&quot;
12-12-2017 20:13:10 Wire.java DEBUG [Forwarding setTimeout on session 8011e739-fb15-4afa-bd55-331d0661a6bc to remote] http.wire 86 - http-outgoing-3 &gt;&gt; &quot;{&quot;type&quot;:&quot;page load&quot;,&quot;ms&quot;:120000}&quot;
12-12-2017 20:13:10 Wire.java DEBUG [Forwarding setTimeout on session 8011e739-fb15-4afa-bd55-331d0661a6bc to remote] http.wire 72 - http-outgoing-3 &lt;&lt; &quot;HTTP/1.1 200 OK[\r][\n]&quot;
12-12-2017 20:13:10 Wire.java DEBUG [Forwarding setTimeout on session 8011e739-fb15-4afa-bd55-331d0661a6bc to remote] http.wire 72 - http-outgoing-3 &lt;&lt; &quot;content-type: application/json; charset=UTF-8[\r][\n]&quot;
12-12-2017 20:13:10 Wire.java DEBUG [Forwarding setTimeout on session 8011e739-fb15-4afa-bd55-331d0661a6bc to remote] http.wire 72 - http-outgoing-3 &lt;&lt; &quot;connection: close[\r][\n]&quot;
12-12-2017 20:13:10 Wire.java DEBUG [Forwarding setTimeout on session 8011e739-fb15-4afa-bd55-331d0661a6bc to remote] http.wire 72 - http-outgoing-3 &lt;&lt; &quot;content-length: 94[\r][\n]&quot;
12-12-2017 20:13:10 Wire.java DEBUG [Forwarding setTimeout on session 8011e739-fb15-4afa-bd55-331d0661a6bc to remote] http.wire 72 - http-outgoing-3 &lt;&lt; &quot;server: httpd.js[\r][\n]&quot;
12-12-2017 20:13:10 Wire.java DEBUG [Forwarding setTimeout on session 8011e739-fb15-4afa-bd55-331d0661a6bc to remote] http.wire 72 - http-outgoing-3 &lt;&lt; &quot;date: Tue, 12 Dec 2017 14:43:10 GMT[\r][\n]&quot;
12-12-2017 20:13:10 Wire.java DEBUG [Forwarding setTimeout on session 8011e739-fb15-4afa-bd55-331d0661a6bc to remote] http.wire 72 - http-outgoing-3 &lt;&lt; &quot;[\r][\n]&quot;
12-12-2017 20:13:10 LoggingManagedHttpClientConnection.java DEBUG [Forwarding setTimeout on session 8011e739-fb15-4afa-bd55-331d0661a6bc to remote] http.headers 124 - http-outgoing-3 &lt;&lt; HTTP/1.1 200 OK
12-12-2017 20:13:10 LoggingManagedHttpClientConnection.java DEBUG [Forwarding setTimeout on session 8011e739-fb15-4afa-bd55-331d0661a6bc to remote] http.headers 127 - http-outgoing-3 &lt;&lt; content-type: application/json; charset=UTF-8
12-12-2017 20:13:10 LoggingManagedHttpClientConnection.java DEBUG [Forwarding setTimeout on session 8011e739-fb15-4afa-bd55-331d0661a6bc to remote] http.headers 127 - http-outgoing-3 &lt;&lt; connection: close
12-12-2017 20:13:10 LoggingManagedHttpClientConnection.java DEBUG [Forwarding setTimeout on session 8011e739-fb15-4afa-bd55-331d0661a6bc to remote] http.headers 127 - http-outgoing-3 &lt;&lt; content-length: 94
12-12-2017 20:13:10 LoggingManagedHttpClientConnection.java DEBUG [Forwarding setTimeout on session 8011e739-fb15-4afa-bd55-331d0661a6bc to remote] http.headers 127 - http-outgoing-3 &lt;&lt; server: httpd.js
12-12-2017 20:13:10 LoggingManagedHttpClientConnection.java DEBUG [Forwarding setTimeout on session 8011e739-fb15-4afa-bd55-331d0661a6bc to remote] http.headers 127 - http-outgoing-3 &lt;&lt; date: Tue, 12 Dec 2017 14:43:10 GMT
12-12-2017 20:13:10 Wire.java DEBUG [Forwarding setTimeout on session 8011e739-fb15-4afa-bd55-331d0661a6bc to remote] http.wire 86 - http-outgoing-3 &lt;&lt; &quot;{&quot;name&quot;:&quot;setTimeout&quot;,&quot;sessionId&quot;:&quot;8011e739-fb15-4afa-bd55-331d0661a6bc&quot;,&quot;status&quot;:0,&quot;value&quot;:&quot;&quot;}&quot;
12-12-2017 20:13:10 LoggingManagedHttpClientConnection.java DEBUG [Forwarding setTimeout on session 8011e739-fb15-4afa-bd55-331d0661a6bc to remote] conn.DefaultManagedHttpClientConnection 81 - http-outgoing-3: Close connection
12-12-2017 20:13:10 ConnectionHolder.java DEBUG [Forwarding setTimeout on session 8011e739-fb15-4afa-bd55-331d0661a6bc to remote] execchain.MainClientExec 103 - Connection discarded
12-12-2017 20:13:10 PoolingHttpClientConnectionManager.java DEBUG [Forwarding setTimeout on session 8011e739-fb15-4afa-bd55-331d0661a6bc to remote] conn.PoolingHttpClientConnectionManager 320 - Connection released: [id: 3][route: {}-&gt;http://127.0.0.1:7055][total kept alive: 0; route allocated: 0 of 2000; total allocated: 0 of 2000]
12-12-2017 20:13:10 RequestAddCookies.java DEBUG [Forwarding setTimeout on session 8011e739-fb15-4afa-bd55-331d0661a6bc to remote] protocol.RequestAddCookies 122 - CookieSpec selected: default
12-12-2017 20:13:10 RequestAuthCache.java DEBUG [Forwarding setTimeout on session 8011e739-fb15-4afa-bd55-331d0661a6bc to remote] protocol.RequestAuthCache 76 - Auth cache not set in the context
12-12-2017 20:13:10 PoolingHttpClientConnectionManager.java DEBUG [Forwarding setTimeout on session 8011e739-fb15-4afa-bd55-331d0661a6bc to remote] conn.PoolingHttpClientConnectionManager 249 - Connection request: [route: {}-&gt;http://127.0.0.1:7055][total kept alive: 0; route allocated: 0 of 2000; total allocated: 0 of 2000]
12-12-2017 20:13:10 PoolingHttpClientConnectionManager.java DEBUG [Forwarding setTimeout on session 8011e739-fb15-4afa-bd55-331d0661a6bc to remote] conn.PoolingHttpClientConnectionManager 282 - Connection leased: [id: 4][route: {}-&gt;http://127.0.0.1:7055][total kept alive: 0; route allocated: 1 of 2000; total allocated: 1 of 2000]
12-12-2017 20:13:10 MainClientExec.java DEBUG [Forwarding setTimeout on session 8011e739-fb15-4afa-bd55-331d0661a6bc to remote] execchain.MainClientExec 234 - Opening connection {}-&gt;http://127.0.0.1:7055
12-12-2017 20:13:10 DefaultHttpClientConnectionOperator.java DEBUG [Forwarding setTimeout on session 8011e739-fb15-4afa-bd55-331d0661a6bc to remote] conn.DefaultHttpClientConnectionOperator 131 - Connecting to /127.0.0.1:7055
12-12-2017 20:13:10 DefaultHttpClientConnectionOperator.java DEBUG [Forwarding setTimeout on session 8011e739-fb15-4afa-bd55-331d0661a6bc to remote] conn.DefaultHttpClientConnectionOperator 138 - Connection established 127.0.0.1:51209&lt;-&gt;127.0.0.1:7055
12-12-2017 20:13:10 LoggingManagedHttpClientConnection.java DEBUG [Forwarding setTimeout on session 8011e739-fb15-4afa-bd55-331d0661a6bc to remote] conn.DefaultManagedHttpClientConnection 90 - http-outgoing-4: set socket timeout to 10800000
12-12-2017 20:13:10 MainClientExec.java DEBUG [Forwarding setTimeout on session 8011e739-fb15-4afa-bd55-331d0661a6bc to remote] execchain.MainClientExec 255 - Executing request POST /hub/session/8011e739-fb15-4afa-bd55-331d0661a6bc/timeouts HTTP/1.1
12-12-2017 20:13:10 MainClientExec.java DEBUG [Forwarding setTimeout on session 8011e739-fb15-4afa-bd55-331d0661a6bc to remote] execchain.MainClientExec 260 - Target auth state: UNCHALLENGED
12-12-2017 20:13:10 MainClientExec.java DEBUG [Forwarding setTimeout on session 8011e739-fb15-4afa-bd55-331d0661a6bc to remote] execchain.MainClientExec 266 - Proxy auth state: UNCHALLENGED
12-12-2017 20:13:10 LoggingManagedHttpClientConnection.java DEBUG [Forwarding setTimeout on session 8011e739-fb15-4afa-bd55-331d0661a6bc to remote] http.headers 135 - http-outgoing-4 &gt;&gt; POST /hub/session/8011e739-fb15-4afa-bd55-331d0661a6bc/timeouts HTTP/1.1
12-12-2017 20:13:10 LoggingManagedHttpClientConnection.java DEBUG [Forwarding setTimeout on session 8011e739-fb15-4afa-bd55-331d0661a6bc to remote] http.headers 138 - http-outgoing-4 &gt;&gt; Content-Type: application/json; charset=utf-8
12-12-2017 20:13:10 LoggingManagedHttpClientConnection.java DEBUG [Forwarding setTimeout on session 8011e739-fb15-4afa-bd55-331d0661a6bc to remote] http.headers 138 - http-outgoing-4 &gt;&gt; Content-Length: 30
12-12-2017 20:13:10 LoggingManagedHttpClientConnection.java DEBUG [Forwarding setTimeout on session 8011e739-fb15-4afa-bd55-331d0661a6bc to remote] http.headers 138 - http-outgoing-4 &gt;&gt; Host: 127.0.0.1:7055
12-12-2017 20:13:10 LoggingManagedHttpClientConnection.java DEBUG [Forwarding setTimeout on session 8011e739-fb15-4afa-bd55-331d0661a6bc to remote] http.headers 138 - http-outgoing-4 &gt;&gt; Connection: Keep-Alive
12-12-2017 20:13:10 LoggingManagedHttpClientConnection.java DEBUG [Forwarding setTimeout on session 8011e739-fb15-4afa-bd55-331d0661a6bc to remote] http.headers 138 - http-outgoing-4 &gt;&gt; User-Agent: Apache-HttpClient/4.5.1 (Java/1.8.0_122-ea)
12-12-2017 20:13:10 LoggingManagedHttpClientConnection.java DEBUG [Forwarding setTimeout on session 8011e739-fb15-4afa-bd55-331d0661a6bc to remote] http.headers 138 - http-outgoing-4 &gt;&gt; Accept-Encoding: gzip,deflate
12-12-2017 20:13:10 Wire.java DEBUG [Forwarding setTimeout on session 8011e739-fb15-4afa-bd55-331d0661a6bc to remote] http.wire 72 - http-outgoing-4 &gt;&gt; &quot;POST /hub/session/8011e739-fb15-4afa-bd55-331d0661a6bc/timeouts HTTP/1.1[\r][\n]&quot;
12-12-2017 20:13:10 Wire.java DEBUG [Forwarding setTimeout on session 8011e739-fb15-4afa-bd55-331d0661a6bc to remote] http.wire 72 - http-outgoing-4 &gt;&gt; &quot;Content-Type: application/json; charset=utf-8[\r][\n]&quot;
12-12-2017 20:13:10 Wire.java DEBUG [Forwarding setTimeout on session 8011e739-fb15-4afa-bd55-331d0661a6bc to remote] http.wire 72 - http-outgoing-4 &gt;&gt; &quot;Content-Length: 30[\r][\n]&quot;
12-12-2017 20:13:10 Wire.java DEBUG [Forwarding setTimeout on session 8011e739-fb15-4afa-bd55-331d0661a6bc to remote] http.wire 72 - http-outgoing-4 &gt;&gt; &quot;Host: 127.0.0.1:7055[\r][\n]&quot;
12-12-2017 20:13:10 Wire.java DEBUG [Forwarding setTimeout on session 8011e739-fb15-4afa-bd55-331d0661a6bc to remote] http.wire 72 - http-outgoing-4 &gt;&gt; &quot;Connection: Keep-Alive[\r][\n]&quot;
12-12-2017 20:13:10 Wire.java DEBUG [Forwarding setTimeout on session 8011e739-fb15-4afa-bd55-331d0661a6bc to remote] http.wire 72 - http-outgoing-4 &gt;&gt; &quot;User-Agent: Apache-HttpClient/4.5.1 (Java/1.8.0_122-ea)[\r][\n]&quot;
12-12-2017 20:13:10 Wire.java DEBUG [Forwarding setTimeout on session 8011e739-fb15-4afa-bd55-331d0661a6bc to remote] http.wire 72 - http-outgoing-4 &gt;&gt; &quot;Accept-Encoding: gzip,deflate[\r][\n]&quot;
12-12-2017 20:13:10 Wire.java DEBUG [Forwarding setTimeout on session 8011e739-fb15-4afa-bd55-331d0661a6bc to remote] http.wire 72 - http-outgoing-4 &gt;&gt; &quot;[\r][\n]&quot;
12-12-2017 20:13:10 Wire.java DEBUG [Forwarding setTimeout on session 8011e739-fb15-4afa-bd55-331d0661a6bc to remote] http.wire 86 - http-outgoing-4 &gt;&gt; &quot;{&quot;type&quot;:&quot;implicit&quot;,&quot;ms&quot;:30000}&quot;
12-12-2017 20:13:10 Wire.java DEBUG [Forwarding setTimeout on session 8011e739-fb15-4afa-bd55-331d0661a6bc to remote] http.wire 72 - http-outgoing-4 &lt;&lt; &quot;HTTP/1.1 200 OK[\r][\n]&quot;
12-12-2017 20:13:10 Wire.java DEBUG [Forwarding setTimeout on session 8011e739-fb15-4afa-bd55-331d0661a6bc to remote] http.wire 72 - http-outgoing-4 &lt;&lt; &quot;content-type: application/json; charset=UTF-8[\r][\n]&quot;
12-12-2017 20:13:10 Wire.java DEBUG [Forwarding setTimeout on session 8011e739-fb15-4afa-bd55-331d0661a6bc to remote] http.wire 72 - http-outgoing-4 &lt;&lt; &quot;connection: close[\r][\n]&quot;
12-12-2017 20:13:10 Wire.java DEBUG [Forwarding setTimeout on session 8011e739-fb15-4afa-bd55-331d0661a6bc to remote] http.wire 72 - http-outgoing-4 &lt;&lt; &quot;content-length: 94[\r][\n]&quot;
12-12-2017 20:13:10 Wire.java DEBUG [Forwarding setTimeout on session 8011e739-fb15-4afa-bd55-331d0661a6bc to remote] http.wire 72 - http-outgoing-4 &lt;&lt; &quot;server: httpd.js[\r][\n]&quot;
12-12-2017 20:13:10 Wire.java DEBUG [Forwarding setTimeout on session 8011e739-fb15-4afa-bd55-331d0661a6bc to remote] http.wire 72 - http-outgoing-4 &lt;&lt; &quot;date: Tue, 12 Dec 2017 14:43:10 GMT[\r][\n]&quot;
12-12-2017 20:13:10 Wire.java DEBUG [Forwarding setTimeout on session 8011e739-fb15-4afa-bd55-331d0661a6bc to remote] http.wire 72 - http-outgoing-4 &lt;&lt; &quot;[\r][\n]&quot;
12-12-2017 20:13:10 LoggingManagedHttpClientConnection.java DEBUG [Forwarding setTimeout on session 8011e739-fb15-4afa-bd55-331d0661a6bc to remote] http.headers 124 - http-outgoing-4 &lt;&lt; HTTP/1.1 200 OK
12-12-2017 20:13:10 LoggingManagedHttpClientConnection.java DEBUG [Forwarding setTimeout on session 8011e739-fb15-4afa-bd55-331d0661a6bc to remote] http.headers 127 - http-outgoing-4 &lt;&lt; content-type: application/json; charset=UTF-8
12-12-2017 20:13:10 LoggingManagedHttpClientConnection.java DEBUG [Forwarding setTimeout on session 8011e739-fb15-4afa-bd55-331d0661a6bc to remote] http.headers 127 - http-outgoing-4 &lt;&lt; connection: close
12-12-2017 20:13:10 LoggingManagedHttpClientConnection.java DEBUG [Forwarding setTimeout on session 8011e739-fb15-4afa-bd55-331d0661a6bc to remote] http.headers 127 - http-outgoing-4 &lt;&lt; content-length: 94
12-12-2017 20:13:10 LoggingManagedHttpClientConnection.java DEBUG [Forwarding setTimeout on session 8011e739-fb15-4afa-bd55-331d0661a6bc to remote] http.headers 127 - http-outgoing-4 &lt;&lt; server: httpd.js
12-12-2017 20:13:10 LoggingManagedHttpClientConnection.java DEBUG [Forwarding setTimeout on session 8011e739-fb15-4afa-bd55-331d0661a6bc to remote] http.headers 127 - http-outgoing-4 &lt;&lt; date: Tue, 12 Dec 2017 14:43:10 GMT
12-12-2017 20:13:10 Wire.java DEBUG [Forwarding setTimeout on session 8011e739-fb15-4afa-bd55-331d0661a6bc to remote] http.wire 86 - http-outgoing-4 &lt;&lt; &quot;{&quot;name&quot;:&quot;setTimeout&quot;,&quot;sessionId&quot;:&quot;8011e739-fb15-4afa-bd55-331d0661a6bc&quot;,&quot;status&quot;:0,&quot;value&quot;:&quot;&quot;}&quot;
12-12-2017 20:13:10 LoggingManagedHttpClientConnection.java DEBUG [Forwarding setTimeout on session 8011e739-fb15-4afa-bd55-331d0661a6bc to remote] conn.DefaultManagedHttpClientConnection 81 - http-outgoing-4: Close connection
12-12-2017 20:13:10 ConnectionHolder.java DEBUG [Forwarding setTimeout on session 8011e739-fb15-4afa-bd55-331d0661a6bc to remote] execchain.MainClientExec 103 - Connection discarded
12-12-2017 20:13:10 PoolingHttpClientConnectionManager.java DEBUG [Forwarding setTimeout on session 8011e739-fb15-4afa-bd55-331d0661a6bc to remote] conn.PoolingHttpClientConnectionManager 320 - Connection released: [id: 4][route: {}-&gt;http://127.0.0.1:7055][total kept alive: 0; route allocated: 0 of 2000; total allocated: 0 of 2000]
Navigating To URL : https://www.freecrm.com/index.html
12-12-2017 20:13:10 RequestAddCookies.java DEBUG [Forwarding get on session 8011e739-fb15-4afa-bd55-331d0661a6bc to remote] protocol.RequestAddCookies 122 - CookieSpec selected: default
12-12-2017 20:13:10 RequestAuthCache.java DEBUG [Forwarding get on session 8011e739-fb15-4afa-bd55-331d0661a6bc to remote] protocol.RequestAuthCache 76 - Auth cache not set in the context
12-12-2017 20:13:10 PoolingHttpClientConnectionManager.java DEBUG [Forwarding get on session 8011e739-fb15-4afa-bd55-331d0661a6bc to remote] conn.PoolingHttpClientConnectionManager 249 - Connection request: [route: {}-&gt;http://127.0.0.1:7055][total kept alive: 0; route allocated: 0 of 2000; total allocated: 0 of 2000]
12-12-2017 20:13:10 PoolingHttpClientConnectionManager.java DEBUG [Forwarding get on session 8011e739-fb15-4afa-bd55-331d0661a6bc to remote] conn.PoolingHttpClientConnectionManager 282 - Connection leased: [id: 5][route: {}-&gt;http://127.0.0.1:7055][total kept alive: 0; route allocated: 1 of 2000; total allocated: 1 of 2000]
12-12-2017 20:13:10 MainClientExec.java DEBUG [Forwarding get on session 8011e739-fb15-4afa-bd55-331d0661a6bc to remote] execchain.MainClientExec 234 - Opening connection {}-&gt;http://127.0.0.1:7055
12-12-2017 20:13:10 DefaultHttpClientConnectionOperator.java DEBUG [Forwarding get on session 8011e739-fb15-4afa-bd55-331d0661a6bc to remote] conn.DefaultHttpClientConnectionOperator 131 - Connecting to /127.0.0.1:7055
12-12-2017 20:13:10 DefaultHttpClientConnectionOperator.java DEBUG [Forwarding get on session 8011e739-fb15-4afa-bd55-331d0661a6bc to remote] conn.DefaultHttpClientConnectionOperator 138 - Connection established 127.0.0.1:51210&lt;-&gt;127.0.0.1:7055
12-12-2017 20:13:10 LoggingManagedHttpClientConnection.java DEBUG [Forwarding get on session 8011e739-fb15-4afa-bd55-331d0661a6bc to remote] conn.DefaultManagedHttpClientConnection 90 - http-outgoing-5: set socket timeout to 10800000
12-12-2017 20:13:10 MainClientExec.java DEBUG [Forwarding get on session 8011e739-fb15-4afa-bd55-331d0661a6bc to remote] execchain.MainClientExec 255 - Executing request POST /hub/session/8011e739-fb15-4afa-bd55-331d0661a6bc/url HTTP/1.1
12-12-2017 20:13:10 MainClientExec.java DEBUG [Forwarding get on session 8011e739-fb15-4afa-bd55-331d0661a6bc to remote] execchain.MainClientExec 260 - Target auth state: UNCHALLENGED
12-12-2017 20:13:10 MainClientExec.java DEBUG [Forwarding get on session 8011e739-fb15-4afa-bd55-331d0661a6bc to remote] execchain.MainClientExec 266 - Proxy auth state: UNCHALLENGED
12-12-2017 20:13:10 LoggingManagedHttpClientConnection.java DEBUG [Forwarding get on session 8011e739-fb15-4afa-bd55-331d0661a6bc to remote] http.headers 135 - http-outgoing-5 &gt;&gt; POST /hub/session/8011e739-fb15-4afa-bd55-331d0661a6bc/url HTTP/1.1
12-12-2017 20:13:10 LoggingManagedHttpClientConnection.java DEBUG [Forwarding get on session 8011e739-fb15-4afa-bd55-331d0661a6bc to remote] http.headers 138 - http-outgoing-5 &gt;&gt; Content-Type: application/json; charset=utf-8
12-12-2017 20:13:10 LoggingManagedHttpClientConnection.java DEBUG [Forwarding get on session 8011e739-fb15-4afa-bd55-331d0661a6bc to remote] http.headers 138 - http-outgoing-5 &gt;&gt; Content-Length: 44
12-12-2017 20:13:10 LoggingManagedHttpClientConnection.java DEBUG [Forwarding get on session 8011e739-fb15-4afa-bd55-331d0661a6bc to remote] http.headers 138 - http-outgoing-5 &gt;&gt; Host: 127.0.0.1:7055
12-12-2017 20:13:10 LoggingManagedHttpClientConnection.java DEBUG [Forwarding get on session 8011e739-fb15-4afa-bd55-331d0661a6bc to remote] http.headers 138 - http-outgoing-5 &gt;&gt; Connection: Keep-Alive
12-12-2017 20:13:10 LoggingManagedHttpClientConnection.java DEBUG [Forwarding get on session 8011e739-fb15-4afa-bd55-331d0661a6bc to remote] http.headers 138 - http-outgoing-5 &gt;&gt; User-Agent: Apache-HttpClient/4.5.1 (Java/1.8.0_122-ea)
12-12-2017 20:13:10 LoggingManagedHttpClientConnection.java DEBUG [Forwarding get on session 8011e739-fb15-4afa-bd55-331d0661a6bc to remote] http.headers 138 - http-outgoing-5 &gt;&gt; Accept-Encoding: gzip,deflate
12-12-2017 20:13:10 Wire.java DEBUG [Forwarding get on session 8011e739-fb15-4afa-bd55-331d0661a6bc to remote] http.wire 72 - http-outgoing-5 &gt;&gt; &quot;POST /hub/session/8011e739-fb15-4afa-bd55-331d0661a6bc/url HTTP/1.1[\r][\n]&quot;
12-12-2017 20:13:10 Wire.java DEBUG [Forwarding get on session 8011e739-fb15-4afa-bd55-331d0661a6bc to remote] http.wire 72 - http-outgoing-5 &gt;&gt; &quot;Content-Type: application/json; charset=utf-8[\r][\n]&quot;
12-12-2017 20:13:10 Wire.java DEBUG [Forwarding get on session 8011e739-fb15-4afa-bd55-331d0661a6bc to remote] http.wire 72 - http-outgoing-5 &gt;&gt; &quot;Content-Length: 44[\r][\n]&quot;
12-12-2017 20:13:10 Wire.java DEBUG [Forwarding get on session 8011e739-fb15-4afa-bd55-331d0661a6bc to remote] http.wire 72 - http-outgoing-5 &gt;&gt; &quot;Host: 127.0.0.1:7055[\r][\n]&quot;
12-12-2017 20:13:10 Wire.java DEBUG [Forwarding get on session 8011e739-fb15-4afa-bd55-331d0661a6bc to remote] http.wire 72 - http-outgoing-5 &gt;&gt; &quot;Connection: Keep-Alive[\r][\n]&quot;
12-12-2017 20:13:10 Wire.java DEBUG [Forwarding get on session 8011e739-fb15-4afa-bd55-331d0661a6bc to remote] http.wire 72 - http-outgoing-5 &gt;&gt; &quot;User-Agent: Apache-HttpClient/4.5.1 (Java/1.8.0_122-ea)[\r][\n]&quot;
12-12-2017 20:13:10 Wire.java DEBUG [Forwarding get on session 8011e739-fb15-4afa-bd55-331d0661a6bc to remote] http.wire 72 - http-outgoing-5 &gt;&gt; &quot;Accept-Encoding: gzip,deflate[\r][\n]&quot;
12-12-2017 20:13:10 Wire.java DEBUG [Forwarding get on session 8011e739-fb15-4afa-bd55-331d0661a6bc to remote] http.wire 72 - http-outgoing-5 &gt;&gt; &quot;[\r][\n]&quot;
12-12-2017 20:13:10 Wire.java DEBUG [Forwarding get on session 8011e739-fb15-4afa-bd55-331d0661a6bc to remote] http.wire 86 - http-outgoing-5 &gt;&gt; &quot;{&quot;url&quot;:&quot;https://www.freecrm.com/index.html&quot;}&quot;
12-12-2017 20:13:21 Wire.java DEBUG [Forwarding get on session 8011e739-fb15-4afa-bd55-331d0661a6bc to remote] http.wire 72 - http-outgoing-5 &lt;&lt; &quot;HTTP/1.1 200 OK[\r][\n]&quot;
12-12-2017 20:13:21 Wire.java DEBUG [Forwarding get on session 8011e739-fb15-4afa-bd55-331d0661a6bc to remote] http.wire 72 - http-outgoing-5 &lt;&lt; &quot;content-type: application/json; charset=UTF-8[\r][\n]&quot;
12-12-2017 20:13:21 Wire.java DEBUG [Forwarding get on session 8011e739-fb15-4afa-bd55-331d0661a6bc to remote] http.wire 72 - http-outgoing-5 &lt;&lt; &quot;connection: close[\r][\n]&quot;
12-12-2017 20:13:21 Wire.java DEBUG [Forwarding get on session 8011e739-fb15-4afa-bd55-331d0661a6bc to remote] http.wire 72 - http-outgoing-5 &lt;&lt; &quot;content-length: 87[\r][\n]&quot;
12-12-2017 20:13:21 Wire.java DEBUG [Forwarding get on session 8011e739-fb15-4afa-bd55-331d0661a6bc to remote] http.wire 72 - http-outgoing-5 &lt;&lt; &quot;server: httpd.js[\r][\n]&quot;
12-12-2017 20:13:21 Wire.java DEBUG [Forwarding get on session 8011e739-fb15-4afa-bd55-331d0661a6bc to remote] http.wire 72 - http-outgoing-5 &lt;&lt; &quot;date: Tue, 12 Dec 2017 14:43:21 GMT[\r][\n]&quot;
12-12-2017 20:13:21 Wire.java DEBUG [Forwarding get on session 8011e739-fb15-4afa-bd55-331d0661a6bc to remote] http.wire 72 - http-outgoing-5 &lt;&lt; &quot;[\r][\n]&quot;
12-12-2017 20:13:21 LoggingManagedHttpClientConnection.java DEBUG [Forwarding get on session 8011e739-fb15-4afa-bd55-331d0661a6bc to remote] http.headers 124 - http-outgoing-5 &lt;&lt; HTTP/1.1 200 OK
12-12-2017 20:13:21 LoggingManagedHttpClientConnection.java DEBUG [Forwarding get on session 8011e739-fb15-4afa-bd55-331d0661a6bc to remote] http.headers 127 - http-outgoing-5 &lt;&lt; content-type: application/json; charset=UTF-8
12-12-2017 20:13:21 LoggingManagedHttpClientConnection.java DEBUG [Forwarding get on session 8011e739-fb15-4afa-bd55-331d0661a6bc to remote] http.headers 127 - http-outgoing-5 &lt;&lt; connection: close
12-12-2017 20:13:21 LoggingManagedHttpClientConnection.java DEBUG [Forwarding get on session 8011e739-fb15-4afa-bd55-331d0661a6bc to remote] http.headers 127 - http-outgoing-5 &lt;&lt; content-length: 87
12-12-2017 20:13:21 LoggingManagedHttpClientConnection.java DEBUG [Forwarding get on session 8011e739-fb15-4afa-bd55-331d0661a6bc to remote] http.headers 127 - http-outgoing-5 &lt;&lt; server: httpd.js
12-12-2017 20:13:21 LoggingManagedHttpClientConnection.java DEBUG [Forwarding get on session 8011e739-fb15-4afa-bd55-331d0661a6bc to remote] http.headers 127 - http-outgoing-5 &lt;&lt; date: Tue, 12 Dec 2017 14:43:21 GMT
12-12-2017 20:13:21 Wire.java DEBUG [Forwarding get on session 8011e739-fb15-4afa-bd55-331d0661a6bc to remote] http.wire 86 - http-outgoing-5 &lt;&lt; &quot;{&quot;name&quot;:&quot;get&quot;,&quot;sessionId&quot;:&quot;8011e739-fb15-4afa-bd55-331d0661a6bc&quot;,&quot;status&quot;:0,&quot;value&quot;:&quot;&quot;}&quot;
12-12-2017 20:13:21 LoggingManagedHttpClientConnection.java DEBUG [Forwarding get on session 8011e739-fb15-4afa-bd55-331d0661a6bc to remote] conn.DefaultManagedHttpClientConnection 81 - http-outgoing-5: Close connection
12-12-2017 20:13:21 ConnectionHolder.java DEBUG [Forwarding get on session 8011e739-fb15-4afa-bd55-331d0661a6bc to remote] execchain.MainClientExec 103 - Connection discarded
12-12-2017 20:13:21 PoolingHttpClientConnectionManager.java DEBUG [Forwarding get on session 8011e739-fb15-4afa-bd55-331d0661a6bc to remote] conn.PoolingHttpClientConnectionManager 320 - Connection released: [id: 5][route: {}-&gt;http://127.0.0.1:7055][total kept alive: 0; route allocated: 0 of 2000; total allocated: 0 of 2000]
12-12-2017 20:13:21 RequestAddCookies.java DEBUG [Forwarding getTitle on session 8011e739-fb15-4afa-bd55-331d0661a6bc to remote] protocol.RequestAddCookies 122 - CookieSpec selected: default
12-12-2017 20:13:21 RequestAuthCache.java DEBUG [Forwarding getTitle on session 8011e739-fb15-4afa-bd55-331d0661a6bc to remote] protocol.RequestAuthCache 76 - Auth cache not set in the context
12-12-2017 20:13:21 PoolingHttpClientConnectionManager.java DEBUG [Forwarding getTitle on session 8011e739-fb15-4afa-bd55-331d0661a6bc to remote] conn.PoolingHttpClientConnectionManager 249 - Connection request: [route: {}-&gt;http://127.0.0.1:7055][total kept alive: 0; route allocated: 0 of 2000; total allocated: 0 of 2000]
12-12-2017 20:13:21 PoolingHttpClientConnectionManager.java DEBUG [Forwarding getTitle on session 8011e739-fb15-4afa-bd55-331d0661a6bc to remote] conn.PoolingHttpClientConnectionManager 282 - Connection leased: [id: 6][route: {}-&gt;http://127.0.0.1:7055][total kept alive: 0; route allocated: 1 of 2000; total allocated: 1 of 2000]
12-12-2017 20:13:21 MainClientExec.java DEBUG [Forwarding getTitle on session 8011e739-fb15-4afa-bd55-331d0661a6bc to remote] execchain.MainClientExec 234 - Opening connection {}-&gt;http://127.0.0.1:7055
12-12-2017 20:13:21 DefaultHttpClientConnectionOperator.java DEBUG [Forwarding getTitle on session 8011e739-fb15-4afa-bd55-331d0661a6bc to remote] conn.DefaultHttpClientConnectionOperator 131 - Connecting to /127.0.0.1:7055
12-12-2017 20:13:21 DefaultHttpClientConnectionOperator.java DEBUG [Forwarding getTitle on session 8011e739-fb15-4afa-bd55-331d0661a6bc to remote] conn.DefaultHttpClientConnectionOperator 138 - Connection established 127.0.0.1:51276&lt;-&gt;127.0.0.1:7055
12-12-2017 20:13:21 LoggingManagedHttpClientConnection.java DEBUG [Forwarding getTitle on session 8011e739-fb15-4afa-bd55-331d0661a6bc to remote] conn.DefaultManagedHttpClientConnection 90 - http-outgoing-6: set socket timeout to 10800000
12-12-2017 20:13:21 MainClientExec.java DEBUG [Forwarding getTitle on session 8011e739-fb15-4afa-bd55-331d0661a6bc to remote] execchain.MainClientExec 255 - Executing request GET /hub/session/8011e739-fb15-4afa-bd55-331d0661a6bc/title HTTP/1.1
12-12-2017 20:13:21 MainClientExec.java DEBUG [Forwarding getTitle on session 8011e739-fb15-4afa-bd55-331d0661a6bc to remote] execchain.MainClientExec 260 - Target auth state: UNCHALLENGED
12-12-2017 20:13:21 MainClientExec.java DEBUG [Forwarding getTitle on session 8011e739-fb15-4afa-bd55-331d0661a6bc to remote] execchain.MainClientExec 266 - Proxy auth state: UNCHALLENGED
12-12-2017 20:13:21 LoggingManagedHttpClientConnection.java DEBUG [Forwarding getTitle on session 8011e739-fb15-4afa-bd55-331d0661a6bc to remote] http.headers 135 - http-outgoing-6 &gt;&gt; GET /hub/session/8011e739-fb15-4afa-bd55-331d0661a6bc/title HTTP/1.1
12-12-2017 20:13:21 LoggingManagedHttpClientConnection.java DEBUG [Forwarding getTitle on session 8011e739-fb15-4afa-bd55-331d0661a6bc to remote] http.headers 138 - http-outgoing-6 &gt;&gt; Cache-Control: no-cache
12-12-2017 20:13:21 LoggingManagedHttpClientConnection.java DEBUG [Forwarding getTitle on session 8011e739-fb15-4afa-bd55-331d0661a6bc to remote] http.headers 138 - http-outgoing-6 &gt;&gt; Host: 127.0.0.1:7055
12-12-2017 20:13:21 LoggingManagedHttpClientConnection.java DEBUG [Forwarding getTitle on session 8011e739-fb15-4afa-bd55-331d0661a6bc to remote] http.headers 138 - http-outgoing-6 &gt;&gt; Connection: Keep-Alive
12-12-2017 20:13:21 LoggingManagedHttpClientConnection.java DEBUG [Forwarding getTitle on session 8011e739-fb15-4afa-bd55-331d0661a6bc to remote] http.headers 138 - http-outgoing-6 &gt;&gt; User-Agent: Apache-HttpClient/4.5.1 (Java/1.8.0_122-ea)
12-12-2017 20:13:21 LoggingManagedHttpClientConnection.java DEBUG [Forwarding getTitle on session 8011e739-fb15-4afa-bd55-331d0661a6bc to remote] http.headers 138 - http-outgoing-6 &gt;&gt; Accept-Encoding: gzip,deflate
12-12-2017 20:13:21 Wire.java DEBUG [Forwarding getTitle on session 8011e739-fb15-4afa-bd55-331d0661a6bc to remote] http.wire 72 - http-outgoing-6 &gt;&gt; &quot;GET /hub/session/8011e739-fb15-4afa-bd55-331d0661a6bc/title HTTP/1.1[\r][\n]&quot;
12-12-2017 20:13:21 Wire.java DEBUG [Forwarding getTitle on session 8011e739-fb15-4afa-bd55-331d0661a6bc to remote] http.wire 72 - http-outgoing-6 &gt;&gt; &quot;Cache-Control: no-cache[\r][\n]&quot;
12-12-2017 20:13:21 Wire.java DEBUG [Forwarding getTitle on session 8011e739-fb15-4afa-bd55-331d0661a6bc to remote] http.wire 72 - http-outgoing-6 &gt;&gt; &quot;Host: 127.0.0.1:7055[\r][\n]&quot;
12-12-2017 20:13:21 Wire.java DEBUG [Forwarding getTitle on session 8011e739-fb15-4afa-bd55-331d0661a6bc to remote] http.wire 72 - http-outgoing-6 &gt;&gt; &quot;Connection: Keep-Alive[\r][\n]&quot;
12-12-2017 20:13:21 Wire.java DEBUG [Forwarding getTitle on session 8011e739-fb15-4afa-bd55-331d0661a6bc to remote] http.wire 72 - http-outgoing-6 &gt;&gt; &quot;User-Agent: Apache-HttpClient/4.5.1 (Java/1.8.0_122-ea)[\r][\n]&quot;
12-12-2017 20:13:21 Wire.java DEBUG [Forwarding getTitle on session 8011e739-fb15-4afa-bd55-331d0661a6bc to remote] http.wire 72 - http-outgoing-6 &gt;&gt; &quot;Accept-Encoding: gzip,deflate[\r][\n]&quot;
12-12-2017 20:13:21 Wire.java DEBUG [Forwarding getTitle on session 8011e739-fb15-4afa-bd55-331d0661a6bc to remote] http.wire 72 - http-outgoing-6 &gt;&gt; &quot;[\r][\n]&quot;
12-12-2017 20:13:24 Wire.java DEBUG [Forwarding getTitle on session 8011e739-fb15-4afa-bd55-331d0661a6bc to remote] http.wire 72 - http-outgoing-6 &lt;&lt; &quot;HTTP/1.1 200 OK[\r][\n]&quot;
12-12-2017 20:13:24 Wire.java DEBUG [Forwarding getTitle on session 8011e739-fb15-4afa-bd55-331d0661a6bc to remote] http.wire 72 - http-outgoing-6 &lt;&lt; &quot;content-type: application/json; charset=UTF-8[\r][\n]&quot;
12-12-2017 20:13:24 Wire.java DEBUG [Forwarding getTitle on session 8011e739-fb15-4afa-bd55-331d0661a6bc to remote] http.wire 72 - http-outgoing-6 &lt;&lt; &quot;connection: close[\r][\n]&quot;
12-12-2017 20:13:24 Wire.java DEBUG [Forwarding getTitle on session 8011e739-fb15-4afa-bd55-331d0661a6bc to remote] http.wire 72 - http-outgoing-6 &lt;&lt; &quot;content-length: 159[\r][\n]&quot;
12-12-2017 20:13:24 Wire.java DEBUG [Forwarding getTitle on session 8011e739-fb15-4afa-bd55-331d0661a6bc to remote] http.wire 72 - http-outgoing-6 &lt;&lt; &quot;server: httpd.js[\r][\n]&quot;
12-12-2017 20:13:24 Wire.java DEBUG [Forwarding getTitle on session 8011e739-fb15-4afa-bd55-331d0661a6bc to remote] http.wire 72 - http-outgoing-6 &lt;&lt; &quot;date: Tue, 12 Dec 2017 14:43:24 GMT[\r][\n]&quot;
12-12-2017 20:13:24 Wire.java DEBUG [Forwarding getTitle on session 8011e739-fb15-4afa-bd55-331d0661a6bc to remote] http.wire 72 - http-outgoing-6 &lt;&lt; &quot;[\r][\n]&quot;
12-12-2017 20:13:24 LoggingManagedHttpClientConnection.java DEBUG [Forwarding getTitle on session 8011e739-fb15-4afa-bd55-331d0661a6bc to remote] http.headers 124 - http-outgoing-6 &lt;&lt; HTTP/1.1 200 OK
12-12-2017 20:13:24 LoggingManagedHttpClientConnection.java DEBUG [Forwarding getTitle on session 8011e739-fb15-4afa-bd55-331d0661a6bc to remote] http.headers 127 - http-outgoing-6 &lt;&lt; content-type: application/json; charset=UTF-8
12-12-2017 20:13:24 LoggingManagedHttpClientConnection.java DEBUG [Forwarding getTitle on session 8011e739-fb15-4afa-bd55-331d0661a6bc to remote] http.headers 127 - http-outgoing-6 &lt;&lt; connection: close
12-12-2017 20:13:24 LoggingManagedHttpClientConnection.java DEBUG [Forwarding getTitle on session 8011e739-fb15-4afa-bd55-331d0661a6bc to remote] http.headers 127 - http-outgoing-6 &lt;&lt; content-length: 159
12-12-2017 20:13:24 LoggingManagedHttpClientConnection.java DEBUG [Forwarding getTitle on session 8011e739-fb15-4afa-bd55-331d0661a6bc to remote] http.headers 127 - http-outgoing-6 &lt;&lt; server: httpd.js
12-12-2017 20:13:24 LoggingManagedHttpClientConnection.java DEBUG [Forwarding getTitle on session 8011e739-fb15-4afa-bd55-331d0661a6bc to remote] http.headers 127 - http-outgoing-6 &lt;&lt; date: Tue, 12 Dec 2017 14:43:24 GMT
12-12-2017 20:13:24 Wire.java DEBUG [Forwarding getTitle on session 8011e739-fb15-4afa-bd55-331d0661a6bc to remote] http.wire 86 - http-outgoing-6 &lt;&lt; &quot;{&quot;name&quot;:&quot;getTitle&quot;,&quot;sessionId&quot;:&quot;8011e739-fb15-4afa-bd55-331d0661a6bc&quot;,&quot;status&quot;:0,&quot;value&quot;:&quot;#1 Free CRM for Any Business: Online Customer Relationship Software&quot;}&quot;
12-12-2017 20:13:24 LoggingManagedHttpClientConnection.java DEBUG [Forwarding getTitle on session 8011e739-fb15-4afa-bd55-331d0661a6bc to remote] conn.DefaultManagedHttpClientConnection 81 - http-outgoing-6: Close connection
12-12-2017 20:13:24 ConnectionHolder.java DEBUG [Forwarding getTitle on session 8011e739-fb15-4afa-bd55-331d0661a6bc to remote] execchain.MainClientExec 103 - Connection discarded
12-12-2017 20:13:24 PoolingHttpClientConnectionManager.java DEBUG [Forwarding getTitle on session 8011e739-fb15-4afa-bd55-331d0661a6bc to remote] conn.PoolingHttpClientConnectionManager 320 - Connection released: [id: 6][route: {}-&gt;http://127.0.0.1:7055][total kept alive: 0; route allocated: 0 of 2000; total allocated: 0 of 2000]
</system-out>
  </testcase>
  <testcase classname="com.crm.qa.testcases.LoginPageTest" name="testCRMLogoImage" time="3.247"/>
  <testcase classname="com.crm.qa.testcases.LoginPageTest" name="testLogin" time="13.127"/>
</testsuite>