<?xml version="1.0" encoding="UTF-8" ?>
<testsuite tests="10" failures="0" name="TestSuite" time="90.61" errors="0" skipped="0">
  <properties>
    <property name="java.vendor" value="Oracle Corporation"/>
    <property name="JOB_NAME" value="FreeCRMAutomationTest"/>
    <property name="sun.java.launcher" value="SUN_STANDARD"/>
    <property name="NUMBER_OF_PROCESSORS" value="4"/>
    <property name="sun.management.compiler" value="HotSpot 64-Bit Tiered Compilers"/>
    <property name="JENKINS_HOME" value="C:\Users\parth.c\.jenkins"/>
    <property name="HUDSON_SERVER_COOKIE" value="376e2134e2110d02"/>
    <property name="POM_ARTIFACTID" value="FreeCRMTest"/>
    <property name="os.name" value="Windows 8"/>
    <property name="sun.boot.class.path" value="C:\Program Files\Java\jdk1.8.0_122\jre\lib\resources.jar;C:\Program Files\Java\jdk1.8.0_122\jre\lib\rt.jar;C:\Program Files\Java\jdk1.8.0_122\jre\lib\sunrsasign.jar;C:\Program Files\Java\jdk1.8.0_122\jre\lib\jsse.jar;C:\Program Files\Java\jdk1.8.0_122\jre\lib\jce.jar;C:\Program Files\Java\jdk1.8.0_122\jre\lib\charsets.jar;C:\Program Files\Java\jdk1.8.0_122\jre\lib\jfr.jar;C:\Program Files\Java\jdk1.8.0_122\jre\classes"/>
    <property name="EXECUTOR_NUMBER" value="1"/>
    <property name="sun.desktop" value="windows"/>
    <property name="PATHEXT" value=".COM;.EXE;.BAT;.CMD;.VBS;.VBE;.JS;.JSE;.WSF;.WSH;.MSC"/>
    <property name="java.vm.specification.vendor" value="Oracle Corporation"/>
    <property name="POM_DISPLAYNAME" value="FreeCRMTest"/>
    <property name="NODE_LABELS" value="master"/>
    <property name="TEMP" value="C:\Users\parth.c\AppData\Local\Temp"/>
    <property name="java.runtime.version" value="1.8.0_122-ea-b04"/>
    <property name="user.name" value="parth.c"/>
    <property name="guice.disable.misplaced.annotation.check" value="true"/>
    <property name="CommonProgramW6432" value="C:\Program Files\Common Files"/>
    <property name="ProgramFiles" value="C:\Program Files"/>
    <property name="PROMPT" value="$P$G"/>
    <property name="user.language" value="en"/>
    <property name="JOB_BASE_NAME" value="FreeCRMAutomationTest"/>
    <property name="RUN_CHANGES_DISPLAY_URL" value="http://localhost:8080/job/FreeCRMAutomationTest/3/display/redirect?page=changes"/>
    <property name="BUILD_DISPLAY_NAME" value="#3"/>
    <property name="sun.boot.library.path" value="C:\Program Files\Java\jdk1.8.0_122\jre\bin"/>
    <property name="LOCALAPPDATA" value="C:\Users\parth.c\AppData\Local"/>
    <property name="java.version" value="1.8.0_122-ea"/>
    <property name="PROCESSOR_LEVEL" value="6"/>
    <property name="user.timezone" value="Asia/Calcutta"/>
    <property name="USERNAME" value="parth.c"/>
    <property name="sun.arch.data.model" value="64"/>
    <property name="NODE_NAME" value="master"/>
    <property name="java.endorsed.dirs" value="C:\Program Files\Java\jdk1.8.0_122\jre\lib\endorsed"/>
    <property name="BUILD_ID" value="3"/>
    <property name="sun.cpu.isalist" value="amd64"/>
    <property name="sun.jnu.encoding" value="Cp1252"/>
    <property name="file.encoding.pkg" value="sun.io"/>
    <property name="file.separator" value="\"/>
    <property name="java.specification.name" value="Java Platform API Specification"/>
    <property name="HOMEDRIVE" value="C:"/>
    <property name="maven.conf" value="C:\Users\parth.c\.jenkins\tools\hudson.tasks.Maven_MavenInstallation\MyMAven\conf"/>
    <property name="java.class.version" value="52.0"/>
    <property name="org.slf4j.simpleLogger.defaultLogLevel" value="info"/>
    <property name="user.country" value="US"/>
    <property name="ALLUSERSPROFILE" value="C:\ProgramData"/>
    <property name="java.home" value="C:\Program Files\Java\jdk1.8.0_122\jre"/>
    <property name="java.vm.info" value="mixed mode"/>
    <property name="os.version" value="6.2"/>
    <property name="RUN_DISPLAY_URL" value="http://localhost:8080/job/FreeCRMAutomationTest/3/display/redirect"/>
    <property name="POM_VERSION" value="0.0.1-SNAPSHOT"/>
    <property name="TMP" value="C:\Users\parth.c\AppData\Local\Temp"/>
    <property name="path.separator" value=";"/>
    <property name="java.vm.version" value="25.122-b04"/>
    <property name="user.variant" value=""/>
    <property name="JOB_DISPLAY_URL" value="http://localhost:8080/job/FreeCRMAutomationTest/display/redirect"/>
    <property name="CommonProgramFiles(x86)" value="C:\Program Files (x86)\Common Files"/>
    <property name="USERDOMAIN_ROAMINGPROFILE" value="WIN-NMJ1FQIGA39"/>
    <property name="java.awt.printerjob" value="sun.awt.windows.WPrinterJob"/>
    <property name="FP_NO_HOST_CHECK" value="NO"/>
    <property name="JAVA_HOME" value="C:\Program Files\Java\jdk1.8.0_122"/>
    <property name="sun.io.unicode.encoding" value="UnicodeLittle"/>
    <property name="CommonProgramFiles" value="C:\Program Files\Common Files"/>
    <property name="ComSpec" value="C:\Windows\system32\cmd.exe"/>
    <property name="HOMEPATH" value="\Users\parth.c"/>
    <property name="awt.toolkit" value="sun.awt.windows.WToolkit"/>
    <property name="POM_PACKAGING" value="jar"/>
    <property name="COMPUTERNAME" value="WIN-NMJ1FQIGA39"/>
    <property name="user.script" value=""/>
    <property name="POM_GROUPID" value="FreeCRMTestAutomation"/>
    <property name="user.home" value="C:\Users\parth.c"/>
    <property name="PUBLIC" value="C:\Users\Public"/>
    <property name="BUILD_TAG" value="jenkins-FreeCRMAutomationTest-3"/>
    <property name="JENKINS_SERVER_COOKIE" value="376e2134e2110d02"/>
    <property name="HUDSON_URL" value="http://localhost:8080/"/>
    <property name="ProgramData" value="C:\ProgramData"/>
    <property name="java.specification.vendor" value="Oracle Corporation"/>
    <property name="USERPROFILE" value="C:\Users\parth.c"/>
    <property name="CLASSPATH" value=""/>
    <property name="java.vendor.url" value="http://java.oracle.com/"/>
    <property name="java.library.path" value="C:\Program Files\Java\jdk1.8.0_122\bin;C:\Windows\Sun\Java\bin;C:\Windows\system32;C:\Windows;C:\Users\parth.c\.jenkins\tools\hudson.tasks.Maven_MavenInstallation\MyMAven/bin;C:\Program Files\Java\jdk1.8.0_122/bin;C:\Program Files\Java\jdk1.8.0_122/bin;C:\ProgramData\Oracle\Java\javapath;C:\Windows\system32;C:\Windows;C:\Windows\System32\Wbem;C:\Windows\System32\WindowsPowerShell\v1.0\;%JAVA_HOME%\bin;C:\Program Files\Git\cmd;."/>
    <property name="java.vm.vendor" value="Oracle Corporation"/>
    <property name="APPDATA" value="C:\Users\parth.c\AppData\Roaming"/>
    <property name="java.runtime.name" value="Java(TM) SE Runtime Environment"/>
    <property name="maven.home" value="C:\Users\parth.c\.jenkins\tools\hudson.tasks.Maven_MavenInstallation\MyMAven"/>
    <property name="java.class.path" value="C:\Users\parth.c\.jenkins\plugins\maven-plugin\WEB-INF\lib\maven35-agent-1.12-alpha-1.jar;C:\Users\parth.c\.jenkins\tools\hudson.tasks.Maven_MavenInstallation\MyMAven\boot\plexus-classworlds-2.5.2.jar;C:\Users\parth.c\.jenkins\tools\hudson.tasks.Maven_MavenInstallation\MyMAven/conf/logging"/>
    <property name="sun.java.command" value="jenkins.maven3.agent.Maven35Main C:\Users\parth.c\.jenkins\tools\hudson.tasks.Maven_MavenInstallation\MyMAven C:\Users\parth.c\.jenkins\war\WEB-INF\lib\remoting-3.13.jar C:\Users\parth.c\.jenkins\plugins\maven-plugin\WEB-INF\lib\maven35-interceptor-1.12-alpha-1.jar C:\Users\parth.c\.jenkins\plugins\maven-plugin\WEB-INF\lib\maven3-interceptor-commons-1.12-alpha-1.jar 64546"/>
    <property name="Path" value="C:\Program Files\Java\jdk1.8.0_122/bin;C:\ProgramData\Oracle\Java\javapath;C:\Windows\system32;C:\Windows;C:\Windows\System32\Wbem;C:\Windows\System32\WindowsPowerShell\v1.0\;%JAVA_HOME%\bin;C:\Program Files\Git\cmd"/>
    <property name="java.vm.specification.name" value="Java Virtual Machine Specification"/>
    <property name="PROCESSOR_ARCHITECTURE" value="AMD64"/>
    <property name="PATH+JDK" value="C:\Program Files\Java\jdk1.8.0_122/bin"/>
    <property name="PROCESSOR_IDENTIFIER" value="Intel64 Family 6 Model 78 Stepping 3, GenuineIntel"/>
    <property name="SESSIONNAME" value="Console"/>
    <property name="java.vm.specification.version" value="1.8"/>
    <property name="sun.os.patch.level" value=""/>
    <property name="sun.cpu.endian" value="little"/>
    <property name="M2_HOME" value="C:\Users\parth.c\.jenkins\tools\hudson.tasks.Maven_MavenInstallation\MyMAven"/>
    <property name="java.io.tmpdir" value="C:\Users\parth.c\AppData\Local\Temp\"/>
    <property name="OS" value="Windows_NT"/>
    <property name="HUDSON_HOME" value="C:\Users\parth.c\.jenkins"/>
    <property name="PATH+MAVEN" value="C:\Users\parth.c\.jenkins\tools\hudson.tasks.Maven_MavenInstallation\MyMAven/bin"/>
    <property name="ProgramFiles(x86)" value="C:\Program Files (x86)"/>
    <property name="BUILD_URL" value="http://localhost:8080/job/FreeCRMAutomationTest/3/"/>
    <property name="java.vendor.url.bug" value="http://bugreport.sun.com/bugreport/"/>
    <property name="java.awt.graphicsenv" value="sun.awt.Win32GraphicsEnvironment"/>
    <property name="os.arch" value="amd64"/>
    <property name="SystemRoot" value="C:\Windows"/>
    <property name="java.ext.dirs" value="C:\Program Files\Java\jdk1.8.0_122\jre\lib\ext;C:\Windows\Sun\Java\lib\ext"/>
    <property name="user.dir" value="C:\MyWorkSpace\FreeCRMTest"/>
    <property name="JOB_URL" value="http://localhost:8080/job/FreeCRMAutomationTest/"/>
    <property name="LOGONSERVER" value="\\WIN-NMJ1FQIGA39"/>
    <property name="USERDOMAIN" value="WIN-NMJ1FQIGA39"/>
    <property name="line.separator" value="
"/>
    <property name="MAVEN_HOME" value="C:\Users\parth.c\.jenkins\tools\hudson.tasks.Maven_MavenInstallation\MyMAven"/>
    <property name="java.vm.name" value="Java HotSpot(TM) 64-Bit Server VM"/>
    <property name="BUILD_NUMBER" value="3"/>
    <property name="JENKINS_URL" value="http://localhost:8080/"/>
    <property name="PROCESSOR_REVISION" value="4e03"/>
    <property name="ProgramW6432" value="C:\Program Files"/>
    <property name="windir" value="C:\Windows"/>
    <property name="=C:" value="c:\Jenkins"/>
    <property name="file.encoding" value="Cp1252"/>
    <property name="SystemDrive" value="C:"/>
    <property name="maven3.interceptor" value="C:\Users\parth.c\.jenkins\plugins\maven-plugin\WEB-INF\lib\maven35-interceptor-1.12-alpha-1.jar"/>
    <property name="WORKSPACE" value="C:\Users\parth.c\.jenkins\workspace\FreeCRMAutomationTest"/>
    <property name="maven3.interceptor.common" value="C:\Users\parth.c\.jenkins\plugins\maven-plugin\WEB-INF\lib\maven3-interceptor-commons-1.12-alpha-1.jar"/>
    <property name="java.specification.version" value="1.8"/>
    <property name="PSModulePath" value="C:\Windows\system32\WindowsPowerShell\v1.0\Modules\"/>
  </properties>
  <testcase classname="com.crm.qa.testcases.LoginPageTest" name="testLoginPageTitleText" time="3.253"/>
  <testcase classname="com.crm.qa.testcases.HomePageTest" name="testHomePageTitleText" time="11.341"/>
  <testcase classname="com.crm.qa.testcases.ContactsPageTest" name="testContactsPageLable" time="1.157"/>
  <testcase classname="com.crm.qa.testcases.LoginPageTest" name="testCRMLogoImage" time="3.235"/>
  <testcase classname="com.crm.qa.testcases.HomePageTest" name="testHomePageUserNameText" time="11.124"/>
  <testcase classname="com.crm.qa.testcases.ContactsPageTest" name="testCreateNewContact" time="11.83"/>
  <testcase classname="com.crm.qa.testcases.ContactsPageTest" name="testCreateNewContact" time="8.291"/>
  <testcase classname="com.crm.qa.testcases.ContactsPageTest" name="testCreateNewContact" time="10.982"/>
  <testcase classname="com.crm.qa.testcases.LoginPageTest" name="testLogin" time="16.577"/>
  <testcase classname="com.crm.qa.testcases.HomePageTest" name="testContactsLink" time="12.82"/>
</testsuite>