<?xml version="1.0" encoding="UTF-8"?>
<!-- Generated by org.testng.reporters.JUnitReportReporter -->
<testsuite skipped="0" hostname="WIN-NMJ1FQIGA39" name="com.crm.qa.testcases.LoginPageTest" tests="3" failures="0" timestamp="04 Jan 2018 14:46:36 GMT" time="76.345" errors="0">
  <testcase name="testLoginPageTitleText" time="19.925" classname="com.crm.qa.testcases.LoginPageTest"/>
  <testcase name="testCRMLogoImage" time="23.797" classname="com.crm.qa.testcases.LoginPageTest"/>
  <testcase name="testLogin" time="32.623" classname="com.crm.qa.testcases.LoginPageTest"/>
</testsuite> <!-- com.crm.qa.testcases.LoginPageTest -->
