<?xml version="1.0" encoding="UTF-8"?>
<!-- Generated by org.testng.reporters.JUnitReportReporter -->
<testsuite skipped="1" hostname="WIN-NMJ1FQIGA39" name="com.crm.qa.testcases.LoginPageTest" tests="13" failures="0" timestamp="21 Dec 2017 11:29:27 GMT" time="972.649" errors="0">
  <testcase name="testLoginPageTitleText" time="61.493" classname="com.crm.qa.testcases.LoginPageTest"/>
  <testcase name="testLoginPageTitleText" time="24.478" classname="com.crm.qa.testcases.LoginPageTest"/>
  <testcase name="testLoginPageTitleText" time="102.691" classname="com.crm.qa.testcases.LoginPageTest"/>
  <testcase name="testLoginPageTitleText" time="46.295" classname="com.crm.qa.testcases.LoginPageTest"/>
  <testcase name="testCRMLogoImage" time="49.506" classname="com.crm.qa.testcases.LoginPageTest"/>
  <testcase name="testCRMLogoImage" time="72.597" classname="com.crm.qa.testcases.LoginPageTest"/>
  <testcase name="testCRMLogoImage" time="67.662" classname="com.crm.qa.testcases.LoginPageTest"/>
  <testcase name="testCRMLogoImage" time="91.254" classname="com.crm.qa.testcases.LoginPageTest"/>
  <testcase name="testLogin" time="56.405" classname="com.crm.qa.testcases.LoginPageTest"/>
  <testcase name="testLogin" time="84.369" classname="com.crm.qa.testcases.LoginPageTest"/>
  <testcase name="testLogin" time="31.787" classname="com.crm.qa.testcases.LoginPageTest"/>
  <testcase name="testLogin" time="194.632" classname="com.crm.qa.testcases.LoginPageTest">
    <skipped/>
  </testcase> <!-- testLogin -->
  <testcase name="testLogin" time="89.480" classname="com.crm.qa.testcases.LoginPageTest"/>
</testsuite> <!-- com.crm.qa.testcases.LoginPageTest -->
