<?xml version="1.0" encoding="UTF-8"?>
<!-- Generated by org.testng.reporters.JUnitReportReporter -->
<testsuite skipped="0" hostname="WIN-NMJ1FQIGA39" name="com.crm.qa.testcases.LoginPageTest" tests="3" failures="0" timestamp="03 Jan 2018 15:27:54 GMT" time="67.374" errors="0">
  <testcase name="testLoginPageTitleText" time="17.274" classname="com.crm.qa.testcases.LoginPageTest"/>
  <testcase name="testCRMLogoImage" time="19.638" classname="com.crm.qa.testcases.LoginPageTest"/>
  <testcase name="testLogin" time="30.462" classname="com.crm.qa.testcases.LoginPageTest"/>
</testsuite> <!-- com.crm.qa.testcases.LoginPageTest -->
