<?xml version="1.0" encoding="UTF-8"?>
<!-- Generated by org.testng.reporters.JUnitReportReporter -->
<testsuite skipped="0" hostname="WIN-NMJ1FQIGA39" name="com.crm.qa.testcases.LoginPageTest" tests="1" failures="0" timestamp="17 Jan 2018 09:50:56 GMT" time="26.720" errors="0">
  <testcase name="testLoginPageTitleText" time="26.720" classname="com.crm.qa.testcases.LoginPageTest"/>
</testsuite> <!-- com.crm.qa.testcases.LoginPageTest -->
