<?xml version="1.0" encoding="UTF-8"?>
<!-- Generated by org.testng.reporters.JUnitReportReporter -->
<testsuite skipped="3" hostname="WIN-NMJ1FQIGA39" name="com.crm.qa.testcases.LoginPageTest" tests="4" failures="0" timestamp="27 Dec 2017 13:53:28 GMT" time="25.051" errors="1">
  <testcase name="setup" time="25.051" classname="com.crm.qa.testcases.LoginPageTest">
    <error type="org.openqa.selenium.WebDriverException" message="Failed to navigate to https://www.freecrm.com/index.html. This usually means that a call to the COM method IWebBrowser2::Navigate2() failed. (WARNING: The server did not provide any stacktrace information)
Command duration or timeout: 21 milliseconds
Build info: version: &#039;2.53.0&#039;, revision: &#039;35ae25b1534ae328c771e0856c93e187490ca824&#039;, time: &#039;2016-03-15 10:43:46&#039;
System info: host: &#039;WIN-NMJ1FQIGA39&#039;, ip: &#039;192.168.65.128&#039;, os.name: &#039;Windows 8&#039;, os.arch: &#039;amd64&#039;, os.version: &#039;6.2&#039;, java.version: &#039;1.8.0_122-ea&#039;
Driver info: org.openqa.selenium.ie.InternetExplorerDriver
Capabilities [{browserAttachTimeout=5000, ie.enableFullPageScreenshot=true, enablePersistentHover=false, ie.forceCreateProcessApi=false, ie.forceShellWindowsApi=false, pageLoadStrategy=normal, ignoreZoomSetting=true, ie.fileUploadDialogTimeout=3000, version=10, platform=WINDOWS, proxy={proxyType=}, nativeEvents=true, ie.ensureCleanSession=true, elementScrollBehavior=0, ie.browserCommandLineSwitches=, requireWindowFocus=true, browserName=internet explorer, initialBrowserUrl=http://localhost:4953/, javascriptEnabled=true, ignoreProtectedModeSettings=true, enableElementCacheCleanup=true, unexpectedAlertBehaviour=ignore}]
Session ID: d1c5bf02-0cf9-4f6e-829b-ca5ac77c9eb6">
      <![CDATA[org.openqa.selenium.WebDriverException: Failed to navigate to https://www.freecrm.com/index.html. This usually means that a call to the COM method IWebBrowser2::Navigate2() failed. (WARNING: The server did not provide any stacktrace information)
Command duration or timeout: 21 milliseconds
Build info: version: '2.53.0', revision: '35ae25b1534ae328c771e0856c93e187490ca824', time: '2016-03-15 10:43:46'
System info: host: 'WIN-NMJ1FQIGA39', ip: '192.168.65.128', os.name: 'Windows 8', os.arch: 'amd64', os.version: '6.2', java.version: '1.8.0_122-ea'
Driver info: org.openqa.selenium.ie.InternetExplorerDriver
Capabilities [{browserAttachTimeout=5000, ie.enableFullPageScreenshot=true, enablePersistentHover=false, ie.forceCreateProcessApi=false, ie.forceShellWindowsApi=false, pageLoadStrategy=normal, ignoreZoomSetting=true, ie.fileUploadDialogTimeout=3000, version=10, platform=WINDOWS, proxy={proxyType=}, nativeEvents=true, ie.ensureCleanSession=true, elementScrollBehavior=0, ie.browserCommandLineSwitches=, requireWindowFocus=true, browserName=internet explorer, initialBrowserUrl=http://localhost:4953/, javascriptEnabled=true, ignoreProtectedModeSettings=true, enableElementCacheCleanup=true, unexpectedAlertBehaviour=ignore}]
Session ID: d1c5bf02-0cf9-4f6e-829b-ca5ac77c9eb6
	at sun.reflect.NativeConstructorAccessorImpl.newInstance0(Native Method)
	at sun.reflect.NativeConstructorAccessorImpl.newInstance(NativeConstructorAccessorImpl.java:62)
	at sun.reflect.DelegatingConstructorAccessorImpl.newInstance(DelegatingConstructorAccessorImpl.java:45)
	at java.lang.reflect.Constructor.newInstance(Constructor.java:423)
	at org.openqa.selenium.remote.ErrorHandler.createThrowable(ErrorHandler.java:206)
	at org.openqa.selenium.remote.ErrorHandler.throwIfResponseFailed(ErrorHandler.java:158)
	at org.openqa.selenium.remote.RemoteWebDriver.execute(RemoteWebDriver.java:678)
	at org.openqa.selenium.remote.RemoteWebDriver.get(RemoteWebDriver.java:316)
	at sun.reflect.NativeMethodAccessorImpl.invoke0(Native Method)
	at sun.reflect.NativeMethodAccessorImpl.invoke(NativeMethodAccessorImpl.java:62)
	at sun.reflect.DelegatingMethodAccessorImpl.invoke(DelegatingMethodAccessorImpl.java:43)
	at java.lang.reflect.Method.invoke(Method.java:498)
	at org.openqa.selenium.support.events.EventFiringWebDriver$2.invoke(EventFiringWebDriver.java:103)
	at com.sun.proxy.$Proxy9.get(Unknown Source)
	at org.openqa.selenium.support.events.EventFiringWebDriver.get(EventFiringWebDriver.java:163)
	at com.crm.qa.base.TestBase.initialization(TestBase.java:75)
	at com.crm.qa.testcases.LoginPageTest.setup(LoginPageTest.java:27)
	at sun.reflect.NativeMethodAccessorImpl.invoke0(Native Method)
	at sun.reflect.NativeMethodAccessorImpl.invoke(NativeMethodAccessorImpl.java:62)
	at sun.reflect.DelegatingMethodAccessorImpl.invoke(DelegatingMethodAccessorImpl.java:43)
	at java.lang.reflect.Method.invoke(Method.java:498)
	at org.testng.internal.MethodInvocationHelper.invokeMethod(MethodInvocationHelper.java:108)
	at org.testng.internal.Invoker.invokeConfigurationMethod(Invoker.java:523)
	at org.testng.internal.Invoker.invokeConfigurations(Invoker.java:224)
	at org.testng.internal.Invoker.invokeConfigurations(Invoker.java:146)
	at org.testng.TestRunner.beforeRun(TestRunner.java:626)
	at org.testng.TestRunner.run(TestRunner.java:594)
	at org.testng.SuiteRunner.runTest(SuiteRunner.java:380)
	at org.testng.SuiteRunner.runSequentially(SuiteRunner.java:375)
	at org.testng.SuiteRunner.privateRun(SuiteRunner.java:340)
	at org.testng.SuiteRunner.run(SuiteRunner.java:289)
	at org.testng.SuiteRunnerWorker.runSuite(SuiteRunnerWorker.java:52)
	at org.testng.SuiteRunnerWorker.run(SuiteRunnerWorker.java:86)
	at org.testng.TestNG.runSuitesSequentially(TestNG.java:1301)
	at org.testng.TestNG.runSuitesLocally(TestNG.java:1226)
	at org.testng.TestNG.runSuites(TestNG.java:1144)
	at org.testng.TestNG.run(TestNG.java:1115)
	at org.testng.remote.AbstractRemoteTestNG.run(AbstractRemoteTestNG.java:114)
	at org.testng.remote.RemoteTestNG.initAndRun(RemoteTestNG.java:251)
	at org.testng.remote.RemoteTestNG.main(RemoteTestNG.java:77)
]]>
    </error>
  </testcase> <!-- setup -->
  <testcase name="testLoginPageTitleText" time="0.000" classname="com.crm.qa.testcases.LoginPageTest">
    <skipped/>
  </testcase> <!-- testLoginPageTitleText -->
  <testcase name="testCRMLogoImage" time="0.000" classname="com.crm.qa.testcases.LoginPageTest">
    <skipped/>
  </testcase> <!-- testCRMLogoImage -->
  <testcase name="testLogin" time="0.000" classname="com.crm.qa.testcases.LoginPageTest">
    <skipped/>
  </testcase> <!-- testLogin -->
</testsuite> <!-- com.crm.qa.testcases.LoginPageTest -->
