<?xml version="1.0" encoding="UTF-8"?>
<!-- Generated by org.testng.reporters.JUnitReportReporter -->
<testsuite skipped="0" hostname="WIN-NMJ1FQIGA39" name="com.crm.qa.testcases.HomePageTest" tests="3" failures="0" timestamp="11 Dec 2017 08:17:46 GMT" time="105.575" errors="0">
  <testcase name="testHomePageTitleText" time="33.938" classname="com.crm.qa.testcases.HomePageTest"/>
  <testcase name="testHomePageUserNameText" time="35.769" classname="com.crm.qa.testcases.HomePageTest"/>
  <testcase name="testContactsLink" time="35.868" classname="com.crm.qa.testcases.HomePageTest"/>
</testsuite> <!-- com.crm.qa.testcases.HomePageTest -->
