<?xml version="1.0" encoding="UTF-8"?>
<!-- Generated by org.testng.reporters.JUnitReportReporter -->
<testsuite skipped="0" hostname="WIN-NMJ1FQIGA39" name="com.crm.qa.testcases.LoginPageTest" tests="3" failures="0" timestamp="11 Dec 2017 08:17:46 GMT" time="80.655" errors="0">
  <testcase name="testLoginPageTitleText" time="23.563" classname="com.crm.qa.testcases.LoginPageTest"/>
  <testcase name="testCRMLogoImage" time="23.343" classname="com.crm.qa.testcases.LoginPageTest"/>
  <testcase name="testLogin" time="33.749" classname="com.crm.qa.testcases.LoginPageTest"/>
</testsuite> <!-- com.crm.qa.testcases.LoginPageTest -->
