<?xml version="1.0" encoding="UTF-8"?>
<!-- Generated by org.testng.reporters.JUnitReportReporter -->
<testsuite skipped="0" hostname="WIN-NMJ1FQIGA39" name="com.crm.qa.testcases.ContactsPageTest" tests="4" failures="0" timestamp="11 Dec 2017 08:17:46 GMT" time="166.377" errors="0">
  <testcase name="testContactsPageLable" time="35.585" classname="com.crm.qa.testcases.ContactsPageTest"/>
  <testcase name="testCreateNewContact" time="42.695" classname="com.crm.qa.testcases.ContactsPageTest"/>
  <testcase name="testCreateNewContact" time="41.858" classname="com.crm.qa.testcases.ContactsPageTest"/>
  <testcase name="testCreateNewContact" time="46.239" classname="com.crm.qa.testcases.ContactsPageTest"/>
</testsuite> <!-- com.crm.qa.testcases.ContactsPageTest -->
